2026-03-16 02:27:11,239 - __main__ - INFO - Python version: 3.10.19 (main, Oct 10 2025, 01:01:37) [GCC 13.3.0]
2026-03-16 02:27:11,239 - __main__ - INFO - Starting FIXED comprehensive workflow with 4 workers
2026-03-16 02:27:11,239 - __main__ - INFO - This version uses ORIGINAL LTA data with proper code normalization
2026-03-16 02:27:11,239 - __main__ - INFO - STARTING ENHANCED BUS STOP DATA COLLECTION WORKFLOW
2026-03-16 02:27:11,239 - __main__ - INFO - ================================================================================
2026-03-16 02:27:11,239 - __main__ - INFO - STEP 1: Downloading original LTA DataMall data...
2026-03-16 02:27:11,239 - __main__ - INFO - Starting download from LTA DataMall...
2026-03-16 02:27:12,268 - __main__ - INFO - API request (skip=0) completed in 1.03 seconds
2026-03-16 02:27:12,270 - __main__ - INFO - Retrieved 500 records (total: 500)
2026-03-16 02:27:14,436 - __main__ - INFO - API request (skip=500) completed in 0.97 seconds
2026-03-16 02:27:14,437 - __main__ - INFO - Retrieved 500 records (total: 1000)
2026-03-16 02:27:16,569 - __main__ - INFO - API request (skip=1000) completed in 0.92 seconds
2026-03-16 02:27:16,570 - __main__ - INFO - Retrieved 500 records (total: 1500)
2026-03-16 02:27:18,726 - __main__ - INFO - API request (skip=1500) completed in 0.94 seconds
2026-03-16 02:27:18,727 - __main__ - INFO - Retrieved 500 records (total: 2000)
2026-03-16 02:27:20,869 - __main__ - INFO - API request (skip=2000) completed in 0.92 seconds
2026-03-16 02:27:20,870 - __main__ - INFO - Retrieved 500 records (total: 2500)
2026-03-16 02:27:23,021 - __main__ - INFO - API request (skip=2500) completed in 0.92 seconds
2026-03-16 02:27:23,022 - __main__ - INFO - Retrieved 500 records (total: 3000)
2026-03-16 02:27:25,217 - __main__ - INFO - API request (skip=3000) completed in 0.95 seconds
2026-03-16 02:27:25,218 - __main__ - INFO - Retrieved 500 records (total: 3500)
2026-03-16 02:27:27,390 - __main__ - INFO - API request (skip=3500) completed in 0.92 seconds
2026-03-16 02:27:27,391 - __main__ - INFO - Retrieved 500 records (total: 4000)
2026-03-16 02:27:29,564 - __main__ - INFO - API request (skip=4000) completed in 0.92 seconds
2026-03-16 02:27:29,566 - __main__ - INFO - Retrieved 500 records (total: 4500)
2026-03-16 02:27:31,739 - __main__ - INFO - API request (skip=4500) completed in 0.92 seconds
2026-03-16 02:27:31,740 - __main__ - INFO - Retrieved 500 records (total: 5000)
2026-03-16 02:27:33,767 - __main__ - INFO - API request (skip=5000) completed in 0.76 seconds
2026-03-16 02:27:33,767 - __main__ - INFO - Retrieved 202 records (total: 5202)
2026-03-16 02:27:35,444 - __main__ - INFO - API request (skip=5500) completed in 0.57 seconds
2026-03-16 02:27:35,445 - __main__ - INFO - No more records to fetch from API
2026-03-16 02:27:35,459 - __main__ - INFO - Saved 5202 ORIGINAL records to data/LTA_bus_stops_16032026.csv
2026-03-16 02:27:35,459 - __main__ - INFO - LTA DataMall download completed in 24.22 seconds
2026-03-16 02:27:35,460 - __main__ - INFO - Downloaded 5,202 bus stops from LTA DataMall
2026-03-16 02:27:35,460 - __main__ - INFO - STEP 2: Performing comprehensive data comparison...
2026-03-16 02:27:35,461 - __main__ - INFO - Found previous LTA DataMall file: data/LTA_bus_stops_31122025.csv
2026-03-16 02:27:35,461 - __main__ - INFO - Performing FIXED comprehensive comparison with previous data from data/LTA_bus_stops_31122025.csv
2026-03-16 02:27:35,468 - __main__ - INFO - === DEBUGGING CODE FORMATS ===
2026-03-16 02:27:35,469 - __main__ - INFO - Old file sample codes (raw): [1012, 1013, 1019, 1029, 1039]
2026-03-16 02:27:35,469 - __main__ - INFO - New data sample codes (raw): ['01012', '01013', '01019', '01029', '01039']
2026-03-16 02:27:35,481 - __main__ - INFO - Old file sample codes (normalized): ['01012', '01013', '01019', '01029', '01039']
2026-03-16 02:27:35,481 - __main__ - INFO - New data sample codes (normalized): ['01012', '01013', '01019', '01029', '01039']
2026-03-16 02:27:35,489 - __main__ - INFO - ==========================================================================================
2026-03-16 02:27:35,489 - __main__ - INFO - COMPREHENSIVE BUS STOP COMPARISON REPORT (FIXED)
2026-03-16 02:27:35,489 - __main__ - INFO - ==========================================================================================
2026-03-16 02:27:35,489 - __main__ - INFO - Previous dataset (31122025): 5,194 bus stops
2026-03-16 02:27:35,489 - __main__ - INFO - Current dataset  (16032026): 5,202 bus stops
2026-03-16 02:27:35,489 - __main__ - INFO - Net change in quantity: +8
2026-03-16 02:27:35,489 - __main__ - INFO - ------------------------------------------------------------------------------------------
2026-03-16 02:27:35,489 - __main__ - INFO - CODE CHANGES (after normalization):
2026-03-16 02:27:35,489 - __main__ - INFO -    NEW bus stop codes:     8
2026-03-16 02:27:35,489 - __main__ - INFO -    REMOVED bus stop codes: 0
2026-03-16 02:27:35,489 - __main__ - INFO -    UNCHANGED codes:        5,194
2026-03-16 02:27:35,489 - __main__ - INFO - NAME CHANGES (for same codes):
2026-03-16 02:27:35,489 - __main__ - INFO -    Bus stops with name changes: 26
2026-03-16 02:27:35,489 - __main__ - INFO -    Bus stops with same names:   5,168
2026-03-16 02:27:35,489 - __main__ - INFO - ------------------------------------------------------------------------------------------
2026-03-16 02:27:35,489 - __main__ - INFO - TOTAL CHANGES DETECTED: 34
2026-03-16 02:27:35,490 - __main__ - INFO -    = 8 new + 0 removed + 26 name changes
2026-03-16 02:27:35,490 - __main__ - INFO - ------------------------------------------------------------------------------------------
2026-03-16 02:27:35,491 - __main__ - INFO - Sample new codes: 40479(40479), 74951(74951), 40471(40471)
2026-03-16 02:27:35,492 - __main__ - INFO -    ... and 5 more new codes
2026-03-16 02:27:35,492 - __main__ - INFO - Sample name changes:
2026-03-16 02:27:35,494 - __main__ - INFO -      52241: 'Blk 105' -> 'Bef Caldecott Stn/SAVH'
2026-03-16 02:27:35,494 - __main__ - INFO -      45199: 'Mandai Police Trg Camp' -> 'Home Team Tactical Ctr'
2026-03-16 02:27:35,494 - __main__ - INFO -      45181: 'Opp Mandai CD Trg Village' -> 'Bef Mandai Quarry Rd'
2026-03-16 02:27:35,494 - __main__ - INFO -    ... and 23 more name changes
2026-03-16 02:27:35,494 - __main__ - INFO - ==========================================================================================
2026-03-16 02:27:35,494 - __main__ - INFO - 34 CHANGES DETECTED - Will proceed with SimplyGo scraping
2026-03-16 02:27:35,494 - __main__ - INFO -    Will scrape SimplyGo for all changed bus stops to get corrected names
2026-03-16 02:27:35,494 - __main__ - INFO - ==========================================================================================
2026-03-16 02:27:35,496 - __main__ - INFO - Added 8 new bus stops to processing list
2026-03-16 02:27:35,500 - __main__ - INFO - Added 26 name-changed bus stops to processing list
2026-03-16 02:27:35,503 - __main__ - INFO - Total changes to process: 34
2026-03-16 02:27:35,504 - __main__ - INFO -    - Will scrape SimplyGo for: 34 bus stops
2026-03-16 02:27:35,504 - __main__ - INFO -    - Removed bus stops (reference only): 0
2026-03-16 02:27:35,505 - __main__ - INFO - Saved 34 changes to data/LTA_changes_31122025-16032026.csv
2026-03-16 02:27:35,505 - __main__ - INFO - Comprehensive LTA data comparison (FIXED) completed in 0.04 seconds
2026-03-16 02:27:35,506 - __main__ - INFO - STEP 3: Determining bus stops for SimplyGo scraping...
2026-03-16 02:27:35,506 - __main__ - INFO - Bus stops to scrape from SimplyGo: 34
2026-03-16 02:27:35,507 - __main__ - INFO -    Breakdown:
2026-03-16 02:27:35,507 - __main__ - INFO -       NEW bus stops: 8
2026-03-16 02:27:35,507 - __main__ - INFO -       NAME changed: 26
2026-03-16 02:27:35,507 - __main__ - INFO -       REMOVED (skip): 0
2026-03-16 02:27:35,507 - __main__ - INFO - ======================================================================
2026-03-16 02:27:35,507 - __main__ - INFO - CHANGES DETECTED: 34 total changes
2026-03-16 02:27:35,507 - __main__ - INFO - WILL SCRAPE: 34 bus stops from SimplyGo
2026-03-16 02:27:35,507 - __main__ - INFO - ======================================================================
2026-03-16 02:27:35,507 - __main__ - INFO - Sample codes to scrape: 40461, 40469, 40471, 40479, 67689, 67759, 70282, 74951, 05131, 16091, ... and 24 more
2026-03-16 02:27:35,507 - __main__ - INFO - STEP 4: Scraping SimplyGo for changed bus stops...
2026-03-16 02:27:35,508 - root - INFO - Setting up WebDriver pool with 4 workers
2026-03-16 02:27:35,508 - root - INFO - Initializing WebDriver pool with 4 drivers
2026-03-16 02:27:35,508 - WDM - INFO - ====== WebDriver manager ======
2026-03-16 02:27:36,643 - WDM - INFO - Get LATEST chromedriver version for google-chrome
2026-03-16 02:27:36,704 - WDM - INFO - Get LATEST chromedriver version for google-chrome
2026-03-16 02:27:36,783 - WDM - INFO - There is no [linux64] chromedriver "145.0.7632.117" for browser google-chrome "145.0.7632" in cache
2026-03-16 02:27:36,783 - WDM - INFO - Get LATEST chromedriver version for google-chrome
2026-03-16 02:27:36,959 - WDM - INFO - WebDriver version 145.0.7632.117 selected
2026-03-16 02:27:36,967 - WDM - INFO - Modern chrome version https://storage.googleapis.com/chrome-for-testing-public/145.0.7632.117/linux64/chromedriver-linux64.zip
2026-03-16 02:27:36,967 - WDM - INFO - About to download new driver from https://storage.googleapis.com/chrome-for-testing-public/145.0.7632.117/linux64/chromedriver-linux64.zip
2026-03-16 02:27:37,033 - WDM - INFO - Driver downloading response is 200
2026-03-16 02:27:37,127 - WDM - INFO - Get LATEST chromedriver version for google-chrome
2026-03-16 02:27:37,300 - WDM - INFO - Driver has been saved in cache [/home/runner/.wdm/drivers/chromedriver/linux64/145.0.7632.117]
2026-03-16 02:27:41,096 - WDM - INFO - ====== WebDriver manager ======
2026-03-16 02:27:41,167 - WDM - INFO - Get LATEST chromedriver version for google-chrome
2026-03-16 02:27:41,224 - WDM - INFO - Get LATEST chromedriver version for google-chrome
2026-03-16 02:27:41,281 - WDM - INFO - Driver [/home/runner/.wdm/drivers/chromedriver/linux64/145.0.7632.117/chromedriver-linux64/chromedriver] found in cache
2026-03-16 02:27:41,500 - WDM - INFO - ====== WebDriver manager ======
2026-03-16 02:27:41,576 - WDM - INFO - Get LATEST chromedriver version for google-chrome
2026-03-16 02:27:41,632 - WDM - INFO - Get LATEST chromedriver version for google-chrome
2026-03-16 02:27:41,689 - WDM - INFO - Driver [/home/runner/.wdm/drivers/chromedriver/linux64/145.0.7632.117/chromedriver-linux64/chromedriver] found in cache
2026-03-16 02:27:41,904 - WDM - INFO - ====== WebDriver manager ======
2026-03-16 02:27:41,985 - WDM - INFO - Get LATEST chromedriver version for google-chrome
2026-03-16 02:27:42,046 - WDM - INFO - Get LATEST chromedriver version for google-chrome
2026-03-16 02:27:42,114 - WDM - INFO - Driver [/home/runner/.wdm/drivers/chromedriver/linux64/145.0.7632.117/chromedriver-linux64/chromedriver] found in cache
2026-03-16 02:27:42,330 - root - INFO - WebDriver pool initialized successfully
2026-03-16 02:28:23,370 - root - INFO - Checkpoint saved at 20/34 (58.8%)
2026-03-16 02:28:46,089 - root - INFO - Closing all WebDrivers in pool
2026-03-16 02:28:46,456 - root - INFO - Scraping completed in 70.95 seconds
2026-03-16 02:28:46,456 - root - INFO - Success rate: 33/34 (97.1%)
2026-03-16 02:28:46,458 - root - INFO - Results saved to output/simplygo_bus_stops_20260316_022735.csv
2026-03-16 02:28:46,458 - __main__ - INFO - SimplyGo scraping completed: 34 results
2026-03-16 02:28:46,458 - __main__ - INFO - STEP 5: Applying corrections to original LTA data...
2026-03-16 02:28:46,462 - __main__ - INFO - Valid SimplyGo corrections available: 33
2026-03-16 02:28:46,494 - __main__ - INFO - Applied 33 corrections from SimplyGo to original LTA data
2026-03-16 02:28:46,510 - __main__ - INFO - Saved corrected dataset to data/lta_correction_20260316_022711.csv
2026-03-16 02:28:46,527 - __main__ - INFO - Saved consistent copy to data/lta_correction.csv
2026-03-16 02:28:46,527 - __main__ - INFO - ENHANCED WORKFLOW COMPLETED
2026-03-16 02:28:46,527 - __main__ - INFO - Enhanced comprehensive workflow completed in 95.29 seconds
2026-03-16 02:28:46,527 - __main__ - INFO - ==========================================================================================
2026-03-16 02:28:46,527 - __main__ - INFO - FIXED WORKFLOW COMPLETED SUCCESSFULLY!
2026-03-16 02:28:46,527 - __main__ - INFO - ==========================================================================================
2026-03-16 02:28:46,528 - __main__ - INFO - FINAL STATISTICS:
2026-03-16 02:28:46,528 - __main__ - INFO -    Total bus stops: 5,202
2026-03-16 02:28:46,528 - __main__ - INFO -    SimplyGo corrections applied: 33
2026-03-16 02:28:46,528 - __main__ - INFO -    Correction rate: 0.6%
2026-03-16 02:28:46,529 - __main__ - INFO - CHANGE BREAKDOWN:
2026-03-16 02:28:46,529 - __main__ - INFO -    New bus stops: 8
2026-03-16 02:28:46,529 - __main__ - INFO -    Name changes: 26
2026-03-16 02:28:46,529 - __main__ - INFO -    Removed stops: 0
2026-03-16 02:28:46,529 - __main__ - INFO -    Total changes: 34
2026-03-16 02:28:46,530 - __main__ - INFO - EFFICIENCY METRICS:
2026-03-16 02:28:46,530 - __main__ - INFO -    Scraping success rate: 97.1%
2026-03-16 02:28:46,530 - __main__ - INFO -    Processing efficiency: Only processed 34 changes instead of all 5,202 bus stops
2026-03-16 02:28:46,530 - __main__ - INFO - SAMPLE CORRECTIONS:
2026-03-16 02:28:46,531 - __main__ - INFO -    05131: 'Opp Chinatown Stn' -> 'Opp Chinatown Stn'
2026-03-16 02:28:46,531 - __main__ - INFO -    16091: 'NUS Sports Centre' -> 'NUS Sports Centre'
2026-03-16 02:28:46,531 - __main__ - INFO -    16099: 'Opp NUS Sports Centre' -> 'Opp NUS Sports Centre'
2026-03-16 02:28:46,531 - __main__ - INFO - ==========================================================================================
2026-03-16 02:28:46,531 - __main__ - INFO - All data saved and ready for use!
2026-03-16 02:28:46,531 - __main__ - INFO - Main output: data/lta_correction.csv
2026-03-16 02:28:46,531 - __main__ - INFO - ==========================================================================================
2026-03-16 02:28:46,532 - __main__ - INFO - Script execution finished
