2026-03-30 02:30:13,253 - __main__ - INFO - Python version: 3.10.20 (main, Mar  3 2026, 15:36:40) [GCC 13.3.0]
2026-03-30 02:30:13,253 - __main__ - INFO - Starting FIXED comprehensive workflow with 4 workers
2026-03-30 02:30:13,253 - __main__ - INFO - This version uses ORIGINAL LTA data with proper code normalization
2026-03-30 02:30:13,254 - __main__ - INFO - STARTING ENHANCED BUS STOP DATA COLLECTION WORKFLOW
2026-03-30 02:30:13,254 - __main__ - INFO - ================================================================================
2026-03-30 02:30:13,254 - __main__ - INFO - STEP 1: Downloading original LTA DataMall data...
2026-03-30 02:30:13,254 - __main__ - INFO - Starting download from LTA DataMall...
2026-03-30 02:30:14,189 - __main__ - INFO - API request (skip=0) completed in 0.93 seconds
2026-03-30 02:30:14,191 - __main__ - INFO - Retrieved 500 records (total: 500)
2026-03-30 02:30:16,277 - __main__ - INFO - API request (skip=500) completed in 0.89 seconds
2026-03-30 02:30:16,278 - __main__ - INFO - Retrieved 500 records (total: 1000)
2026-03-30 02:30:18,360 - __main__ - INFO - API request (skip=1000) completed in 0.88 seconds
2026-03-30 02:30:18,361 - __main__ - INFO - Retrieved 500 records (total: 1500)
2026-03-30 02:30:20,475 - __main__ - INFO - API request (skip=1500) completed in 0.90 seconds
2026-03-30 02:30:20,476 - __main__ - INFO - Retrieved 500 records (total: 2000)
2026-03-30 02:30:22,585 - __main__ - INFO - API request (skip=2000) completed in 0.89 seconds
2026-03-30 02:30:22,586 - __main__ - INFO - Retrieved 500 records (total: 2500)
2026-03-30 02:30:24,700 - __main__ - INFO - API request (skip=2500) completed in 0.88 seconds
2026-03-30 02:30:24,701 - __main__ - INFO - Retrieved 500 records (total: 3000)
2026-03-30 02:30:26,831 - __main__ - INFO - API request (skip=3000) completed in 0.89 seconds
2026-03-30 02:30:26,832 - __main__ - INFO - Retrieved 500 records (total: 3500)
2026-03-30 02:30:28,956 - __main__ - INFO - API request (skip=3500) completed in 0.88 seconds
2026-03-30 02:30:28,957 - __main__ - INFO - Retrieved 500 records (total: 4000)
2026-03-30 02:30:31,089 - __main__ - INFO - API request (skip=4000) completed in 0.88 seconds
2026-03-30 02:30:31,090 - __main__ - INFO - Retrieved 500 records (total: 4500)
2026-03-30 02:30:33,254 - __main__ - INFO - API request (skip=4500) completed in 0.90 seconds
2026-03-30 02:30:33,255 - __main__ - INFO - Retrieved 500 records (total: 5000)
2026-03-30 02:30:35,482 - __main__ - INFO - API request (skip=5000) completed in 0.96 seconds
2026-03-30 02:30:35,483 - __main__ - INFO - Retrieved 200 records (total: 5200)
2026-03-30 02:30:37,305 - __main__ - INFO - API request (skip=5500) completed in 0.71 seconds
2026-03-30 02:30:37,305 - __main__ - INFO - No more records to fetch from API
2026-03-30 02:30:37,320 - __main__ - INFO - Saved 5200 ORIGINAL records to data/LTA_bus_stops_30032026.csv
2026-03-30 02:30:37,320 - __main__ - INFO - LTA DataMall download completed in 24.07 seconds
2026-03-30 02:30:37,321 - __main__ - INFO - Downloaded 5,200 bus stops from LTA DataMall
2026-03-30 02:30:37,321 - __main__ - INFO - STEP 2: Performing comprehensive data comparison...
2026-03-30 02:30:37,322 - __main__ - INFO - Found previous LTA DataMall file: data/LTA_bus_stops_31122025.csv
2026-03-30 02:30:37,322 - __main__ - INFO - Performing FIXED comprehensive comparison with previous data from data/LTA_bus_stops_31122025.csv
2026-03-30 02:30:37,329 - __main__ - INFO - === DEBUGGING CODE FORMATS ===
2026-03-30 02:30:37,329 - __main__ - INFO - Old file sample codes (raw): [1012, 1013, 1019, 1029, 1039]
2026-03-30 02:30:37,330 - __main__ - INFO - New data sample codes (raw): ['01012', '01013', '01019', '01029', '01039']
2026-03-30 02:30:37,341 - __main__ - INFO - Old file sample codes (normalized): ['01012', '01013', '01019', '01029', '01039']
2026-03-30 02:30:37,341 - __main__ - INFO - New data sample codes (normalized): ['01012', '01013', '01019', '01029', '01039']
2026-03-30 02:30:37,348 - __main__ - INFO - ==========================================================================================
2026-03-30 02:30:37,349 - __main__ - INFO - COMPREHENSIVE BUS STOP COMPARISON REPORT (FIXED)
2026-03-30 02:30:37,349 - __main__ - INFO - ==========================================================================================
2026-03-30 02:30:37,349 - __main__ - INFO - Previous dataset (31122025): 5,194 bus stops
2026-03-30 02:30:37,349 - __main__ - INFO - Current dataset  (30032026): 5,200 bus stops
2026-03-30 02:30:37,349 - __main__ - INFO - Net change in quantity: +6
2026-03-30 02:30:37,349 - __main__ - INFO - ------------------------------------------------------------------------------------------
2026-03-30 02:30:37,349 - __main__ - INFO - CODE CHANGES (after normalization):
2026-03-30 02:30:37,349 - __main__ - INFO -    NEW bus stop codes:     8
2026-03-30 02:30:37,349 - __main__ - INFO -    REMOVED bus stop codes: 2
2026-03-30 02:30:37,349 - __main__ - INFO -    UNCHANGED codes:        5,192
2026-03-30 02:30:37,349 - __main__ - INFO - NAME CHANGES (for same codes):
2026-03-30 02:30:37,349 - __main__ - INFO -    Bus stops with name changes: 26
2026-03-30 02:30:37,349 - __main__ - INFO -    Bus stops with same names:   5,166
2026-03-30 02:30:37,349 - __main__ - INFO - ------------------------------------------------------------------------------------------
2026-03-30 02:30:37,349 - __main__ - INFO - TOTAL CHANGES DETECTED: 36
2026-03-30 02:30:37,349 - __main__ - INFO -    = 8 new + 2 removed + 26 name changes
2026-03-30 02:30:37,349 - __main__ - INFO - ------------------------------------------------------------------------------------------
2026-03-30 02:30:37,351 - __main__ - INFO - Sample new codes: 40461(40461), 67689(67689), 70282(70282)
2026-03-30 02:30:37,351 - __main__ - INFO -    ... and 5 more new codes
2026-03-30 02:30:37,353 - __main__ - INFO - Sample removed codes: 58301(58301), 58309(58309)
2026-03-30 02:30:37,353 - __main__ - INFO - Sample name changes:
2026-03-30 02:30:37,355 - __main__ - INFO -      49101: 'Opp Ordinance Supply Base' -> 'Aft Kranji Cl'
2026-03-30 02:30:37,355 - __main__ - INFO -      68111: 'Bef Seletar Camp G' -> 'Bef Piccadilly Circus/TPE'
2026-03-30 02:30:37,355 - __main__ - INFO -      45199: 'Mandai Police Trg Camp' -> 'Home Team Tactical Ctr'
2026-03-30 02:30:37,355 - __main__ - INFO -    ... and 23 more name changes
2026-03-30 02:30:37,355 - __main__ - INFO - ==========================================================================================
2026-03-30 02:30:37,355 - __main__ - INFO - 36 CHANGES DETECTED - Will proceed with SimplyGo scraping
2026-03-30 02:30:37,355 - __main__ - INFO -    Will scrape SimplyGo for all changed bus stops to get corrected names
2026-03-30 02:30:37,355 - __main__ - INFO - ==========================================================================================
2026-03-30 02:30:37,357 - __main__ - INFO - Added 8 new bus stops to processing list
2026-03-30 02:30:37,358 - __main__ - INFO - Added 2 removed bus stops to processing list (for reference)
2026-03-30 02:30:37,362 - __main__ - INFO - Added 26 name-changed bus stops to processing list
2026-03-30 02:30:37,365 - __main__ - INFO - Total changes to process: 36
2026-03-30 02:30:37,366 - __main__ - INFO -    - Will scrape SimplyGo for: 34 bus stops
2026-03-30 02:30:37,366 - __main__ - INFO -    - Removed bus stops (reference only): 2
2026-03-30 02:30:37,367 - __main__ - INFO - Saved 36 changes to data/LTA_changes_31122025-30032026.csv
2026-03-30 02:30:37,367 - __main__ - INFO - Comprehensive LTA data comparison (FIXED) completed in 0.05 seconds
2026-03-30 02:30:37,367 - __main__ - INFO - STEP 3: Determining bus stops for SimplyGo scraping...
2026-03-30 02:30:37,368 - __main__ - INFO - Bus stops to scrape from SimplyGo: 34
2026-03-30 02:30:37,369 - __main__ - INFO -    Breakdown:
2026-03-30 02:30:37,369 - __main__ - INFO -       NEW bus stops: 8
2026-03-30 02:30:37,369 - __main__ - INFO -       NAME changed: 26
2026-03-30 02:30:37,369 - __main__ - INFO -       REMOVED (skip): 2
2026-03-30 02:30:37,369 - __main__ - INFO - ======================================================================
2026-03-30 02:30:37,369 - __main__ - INFO - CHANGES DETECTED: 36 total changes
2026-03-30 02:30:37,369 - __main__ - INFO - WILL SCRAPE: 34 bus stops from SimplyGo
2026-03-30 02:30:37,369 - __main__ - INFO - ======================================================================
2026-03-30 02:30:37,369 - __main__ - INFO - Sample codes to scrape: 40461, 40469, 40471, 40479, 67689, 67759, 70282, 74951, 05131, 16091, ... and 24 more
2026-03-30 02:30:37,369 - __main__ - INFO - STEP 4: Scraping SimplyGo for changed bus stops...
2026-03-30 02:30:37,370 - root - INFO - Setting up WebDriver pool with 4 workers
2026-03-30 02:30:37,370 - root - INFO - Initializing WebDriver pool with 4 drivers
2026-03-30 02:30:37,370 - WDM - INFO - ====== WebDriver manager ======
2026-03-30 02:30:39,391 - WDM - INFO - Get LATEST chromedriver version for google-chrome
2026-03-30 02:30:39,425 - WDM - INFO - Get LATEST chromedriver version for google-chrome
2026-03-30 02:30:39,458 - WDM - INFO - There is no [linux64] chromedriver "146.0.7680.165" for browser google-chrome "146.0.7680" in cache
2026-03-30 02:30:39,458 - WDM - INFO - Get LATEST chromedriver version for google-chrome
2026-03-30 02:30:39,591 - WDM - INFO - WebDriver version 146.0.7680.165 selected
2026-03-30 02:30:39,598 - WDM - INFO - Modern chrome version https://storage.googleapis.com/chrome-for-testing-public/146.0.7680.165/linux64/chromedriver-linux64.zip
2026-03-30 02:30:39,598 - WDM - INFO - About to download new driver from https://storage.googleapis.com/chrome-for-testing-public/146.0.7680.165/linux64/chromedriver-linux64.zip
2026-03-30 02:30:39,648 - WDM - INFO - Driver downloading response is 200
2026-03-30 02:30:39,711 - WDM - INFO - Get LATEST chromedriver version for google-chrome
2026-03-30 02:30:39,848 - WDM - INFO - Driver has been saved in cache [/home/runner/.wdm/drivers/chromedriver/linux64/146.0.7680.165]
2026-03-30 02:30:43,085 - WDM - INFO - ====== WebDriver manager ======
2026-03-30 02:30:43,151 - WDM - INFO - Get LATEST chromedriver version for google-chrome
2026-03-30 02:30:43,185 - WDM - INFO - Get LATEST chromedriver version for google-chrome
2026-03-30 02:30:43,220 - WDM - INFO - Driver [/home/runner/.wdm/drivers/chromedriver/linux64/146.0.7680.165/chromedriver-linux64/chromedriver] found in cache
2026-03-30 02:30:43,438 - WDM - INFO - ====== WebDriver manager ======
2026-03-30 02:30:43,510 - WDM - INFO - Get LATEST chromedriver version for google-chrome
2026-03-30 02:30:43,542 - WDM - INFO - Get LATEST chromedriver version for google-chrome
2026-03-30 02:30:43,574 - WDM - INFO - Driver [/home/runner/.wdm/drivers/chromedriver/linux64/146.0.7680.165/chromedriver-linux64/chromedriver] found in cache
2026-03-30 02:30:43,787 - WDM - INFO - ====== WebDriver manager ======
2026-03-30 02:30:43,861 - WDM - INFO - Get LATEST chromedriver version for google-chrome
2026-03-30 02:30:43,898 - WDM - INFO - Get LATEST chromedriver version for google-chrome
2026-03-30 02:30:43,933 - WDM - INFO - Driver [/home/runner/.wdm/drivers/chromedriver/linux64/146.0.7680.165/chromedriver-linux64/chromedriver] found in cache
2026-03-30 02:30:44,140 - root - INFO - WebDriver pool initialized successfully
2026-03-30 02:31:19,575 - root - INFO - Checkpoint saved at 20/34 (58.8%)
2026-03-30 02:31:42,617 - root - INFO - Closing all WebDrivers in pool
2026-03-30 02:31:42,908 - root - INFO - Scraping completed in 65.54 seconds
2026-03-30 02:31:42,908 - root - INFO - Success rate: 33/34 (97.1%)
2026-03-30 02:31:42,910 - root - INFO - Results saved to output/simplygo_bus_stops_20260330_023037.csv
2026-03-30 02:31:42,911 - __main__ - INFO - SimplyGo scraping completed: 34 results
2026-03-30 02:31:42,911 - __main__ - INFO - STEP 5: Applying corrections to original LTA data...
2026-03-30 02:31:42,914 - __main__ - INFO - Valid SimplyGo corrections available: 33
2026-03-30 02:31:42,946 - __main__ - INFO - Applied 33 corrections from SimplyGo to original LTA data
2026-03-30 02:31:42,963 - __main__ - INFO - Saved corrected dataset to data/lta_correction_20260330_023013.csv
2026-03-30 02:31:42,981 - __main__ - INFO - Saved consistent copy to data/lta_correction.csv
2026-03-30 02:31:42,981 - __main__ - INFO - ENHANCED WORKFLOW COMPLETED
2026-03-30 02:31:42,981 - __main__ - INFO - Enhanced comprehensive workflow completed in 89.73 seconds
2026-03-30 02:31:42,981 - __main__ - INFO - ==========================================================================================
2026-03-30 02:31:42,981 - __main__ - INFO - FIXED WORKFLOW COMPLETED SUCCESSFULLY!
2026-03-30 02:31:42,981 - __main__ - INFO - ==========================================================================================
2026-03-30 02:31:42,982 - __main__ - INFO - FINAL STATISTICS:
2026-03-30 02:31:42,982 - __main__ - INFO -    Total bus stops: 5,200
2026-03-30 02:31:42,982 - __main__ - INFO -    SimplyGo corrections applied: 33
2026-03-30 02:31:42,982 - __main__ - INFO -    Correction rate: 0.6%
2026-03-30 02:31:42,983 - __main__ - INFO - CHANGE BREAKDOWN:
2026-03-30 02:31:42,983 - __main__ - INFO -    New bus stops: 8
2026-03-30 02:31:42,983 - __main__ - INFO -    Name changes: 26
2026-03-30 02:31:42,984 - __main__ - INFO -    Removed stops: 2
2026-03-30 02:31:42,984 - __main__ - INFO -    Total changes: 36
2026-03-30 02:31:42,984 - __main__ - INFO - EFFICIENCY METRICS:
2026-03-30 02:31:42,984 - __main__ - INFO -    Scraping success rate: 97.1%
2026-03-30 02:31:42,984 - __main__ - INFO -    Processing efficiency: Only processed 36 changes instead of all 5,200 bus stops
2026-03-30 02:31:42,985 - __main__ - INFO - SAMPLE CORRECTIONS:
2026-03-30 02:31:42,985 - __main__ - INFO -    05131: 'Opp Chinatown Stn' -> 'Opp Chinatown Stn'
2026-03-30 02:31:42,985 - __main__ - INFO -    16091: 'NUS Sports Centre' -> 'NUS Sports Centre'
2026-03-30 02:31:42,985 - __main__ - INFO -    16099: 'Opp NUS Sports Centre' -> 'Opp NUS Sports Centre'
2026-03-30 02:31:42,985 - __main__ - INFO - ==========================================================================================
2026-03-30 02:31:42,986 - __main__ - INFO - All data saved and ready for use!
2026-03-30 02:31:42,986 - __main__ - INFO - Main output: data/lta_correction.csv
2026-03-30 02:31:42,986 - __main__ - INFO - ==========================================================================================
2026-03-30 02:31:42,986 - __main__ - INFO - Script execution finished
