2025-05-27 02:37:54,178 - __main__ - INFO - Python version: 3.10.17 (main, Apr  8 2025, 21:28:33) [GCC 13.3.0]
2025-05-27 02:37:54,178 - __main__ - INFO - Starting FIXED comprehensive workflow with 4 workers
2025-05-27 02:37:54,178 - __main__ - INFO - This version uses ORIGINAL LTA data with proper code normalization
2025-05-27 02:37:54,178 - __main__ - INFO - STARTING ENHANCED BUS STOP DATA COLLECTION WORKFLOW
2025-05-27 02:37:54,178 - __main__ - INFO - ================================================================================
2025-05-27 02:37:54,178 - __main__ - INFO - STEP 1: Downloading original LTA DataMall data...
2025-05-27 02:37:54,178 - __main__ - INFO - Starting download from LTA DataMall...
2025-05-27 02:37:55,257 - __main__ - INFO - API request (skip=0) completed in 1.08 seconds
2025-05-27 02:37:55,259 - __main__ - INFO - Retrieved 500 records (total: 500)
2025-05-27 02:37:57,291 - __main__ - INFO - API request (skip=500) completed in 0.84 seconds
2025-05-27 02:37:57,292 - __main__ - INFO - Retrieved 500 records (total: 1000)
2025-05-27 02:37:59,333 - __main__ - INFO - API request (skip=1000) completed in 0.84 seconds
2025-05-27 02:37:59,334 - __main__ - INFO - Retrieved 500 records (total: 1500)
2025-05-27 02:38:01,371 - __main__ - INFO - API request (skip=1500) completed in 0.83 seconds
2025-05-27 02:38:01,372 - __main__ - INFO - Retrieved 500 records (total: 2000)
2025-05-27 02:38:03,435 - __main__ - INFO - API request (skip=2000) completed in 0.85 seconds
2025-05-27 02:38:03,436 - __main__ - INFO - Retrieved 500 records (total: 2500)
2025-05-27 02:38:05,490 - __main__ - INFO - API request (skip=2500) completed in 0.84 seconds
2025-05-27 02:38:05,491 - __main__ - INFO - Retrieved 500 records (total: 3000)
2025-05-27 02:38:07,556 - __main__ - INFO - API request (skip=3000) completed in 0.84 seconds
2025-05-27 02:38:07,557 - __main__ - INFO - Retrieved 500 records (total: 3500)
2025-05-27 02:38:09,630 - __main__ - INFO - API request (skip=3500) completed in 0.84 seconds
2025-05-27 02:38:09,631 - __main__ - INFO - Retrieved 500 records (total: 4000)
2025-05-27 02:38:11,703 - __main__ - INFO - API request (skip=4000) completed in 0.83 seconds
2025-05-27 02:38:11,704 - __main__ - INFO - Retrieved 500 records (total: 4500)
2025-05-27 02:38:13,797 - __main__ - INFO - API request (skip=4500) completed in 0.84 seconds
2025-05-27 02:38:13,798 - __main__ - INFO - Retrieved 500 records (total: 5000)
2025-05-27 02:38:15,804 - __main__ - INFO - API request (skip=5000) completed in 0.75 seconds
2025-05-27 02:38:15,805 - __main__ - INFO - Retrieved 170 records (total: 5170)
2025-05-27 02:38:17,315 - __main__ - INFO - API request (skip=5500) completed in 0.42 seconds
2025-05-27 02:38:17,315 - __main__ - INFO - No more records to fetch from API
2025-05-27 02:38:17,329 - __main__ - INFO - Saved 5170 ORIGINAL records to data/LTA_bus_stops_27052025.csv
2025-05-27 02:38:17,329 - __main__ - INFO - LTA DataMall download completed in 23.15 seconds
2025-05-27 02:38:17,329 - __main__ - INFO - Downloaded 5,170 bus stops from LTA DataMall
2025-05-27 02:38:17,329 - __main__ - INFO - STEP 2: Performing comprehensive data comparison...
2025-05-27 02:38:17,329 - __main__ - INFO - Found previous LTA DataMall file: data/LTA_bus_stops_16052025.csv
2025-05-27 02:38:17,329 - __main__ - INFO - Performing FIXED comprehensive comparison with previous data from data/LTA_bus_stops_16052025.csv
2025-05-27 02:38:17,335 - __main__ - INFO - === DEBUGGING CODE FORMATS ===
2025-05-27 02:38:17,335 - __main__ - INFO - Old file sample codes (raw): [1012, 1013, 1019, 1029, 1039]
2025-05-27 02:38:17,335 - __main__ - INFO - New data sample codes (raw): ['01012', '01013', '01019', '01029', '01039']
2025-05-27 02:38:17,346 - __main__ - INFO - Old file sample codes (normalized): ['01012', '01013', '01019', '01029', '01039']
2025-05-27 02:38:17,346 - __main__ - INFO - New data sample codes (normalized): ['01012', '01013', '01019', '01029', '01039']
2025-05-27 02:38:17,353 - __main__ - INFO - ==========================================================================================
2025-05-27 02:38:17,353 - __main__ - INFO - COMPREHENSIVE BUS STOP COMPARISON REPORT (FIXED)
2025-05-27 02:38:17,353 - __main__ - INFO - ==========================================================================================
2025-05-27 02:38:17,353 - __main__ - INFO - Previous dataset (16052025): 5,170 bus stops
2025-05-27 02:38:17,353 - __main__ - INFO - Current dataset  (27052025): 5,170 bus stops
2025-05-27 02:38:17,353 - __main__ - INFO - Net change in quantity: +0
2025-05-27 02:38:17,353 - __main__ - INFO - ------------------------------------------------------------------------------------------
2025-05-27 02:38:17,353 - __main__ - INFO - CODE CHANGES (after normalization):
2025-05-27 02:38:17,353 - __main__ - INFO -    NEW bus stop codes:     0
2025-05-27 02:38:17,353 - __main__ - INFO -    REMOVED bus stop codes: 0
2025-05-27 02:38:17,354 - __main__ - INFO -    UNCHANGED codes:        5,170
2025-05-27 02:38:17,354 - __main__ - INFO - NAME CHANGES (for same codes):
2025-05-27 02:38:17,354 - __main__ - INFO -    Bus stops with name changes: 0
2025-05-27 02:38:17,354 - __main__ - INFO -    Bus stops with same names:   5,170
2025-05-27 02:38:17,354 - __main__ - INFO - ------------------------------------------------------------------------------------------
2025-05-27 02:38:17,354 - __main__ - INFO - TOTAL CHANGES DETECTED: 0
2025-05-27 02:38:17,354 - __main__ - INFO -    = 0 new + 0 removed + 0 name changes
2025-05-27 02:38:17,354 - __main__ - INFO - ------------------------------------------------------------------------------------------
2025-05-27 02:38:17,354 - __main__ - INFO - ==========================================================================================
2025-05-27 02:38:17,354 - __main__ - INFO - NO CHANGES DETECTED - SimplyGo scraping will be SKIPPED
2025-05-27 02:38:17,354 - __main__ - INFO -    Current LTA data is identical to previous LTA data
2025-05-27 02:38:17,354 - __main__ - INFO - ==========================================================================================
2025-05-27 02:38:17,355 - __main__ - INFO - No changes detected after normalization. No SimplyGo scraping needed.
2025-05-27 02:38:17,355 - __main__ - INFO - Comprehensive LTA data comparison (FIXED) completed in 0.03 seconds
2025-05-27 02:38:17,355 - __main__ - INFO - STEP 3: Determining bus stops for SimplyGo scraping...
2025-05-27 02:38:17,355 - __main__ - INFO - ======================================================================
2025-05-27 02:38:17,355 - __main__ - INFO - NO CHANGES DETECTED
2025-05-27 02:38:17,355 - __main__ - INFO - ======================================================================
2025-05-27 02:38:17,355 - __main__ - INFO - Current LTA data is identical to previous LTA data.
2025-05-27 02:38:17,356 - __main__ - INFO - Skipping SimplyGo scraping - no changes to process.
2025-05-27 02:38:17,356 - __main__ - INFO - Using original LTA data as final result.
2025-05-27 02:38:17,387 - __main__ - INFO - Saved LTA-only data to data/lta_correction_20250527_023754.csv
2025-05-27 02:38:17,387 - __main__ - INFO - Saved consistent copy to data/lta_correction.csv
2025-05-27 02:38:17,387 - __main__ - INFO - Enhanced comprehensive workflow completed in 23.21 seconds
2025-05-27 02:38:17,388 - __main__ - INFO - ==========================================================================================
2025-05-27 02:38:17,388 - __main__ - INFO - FIXED WORKFLOW COMPLETED SUCCESSFULLY!
2025-05-27 02:38:17,388 - __main__ - INFO - ==========================================================================================
2025-05-27 02:38:17,388 - __main__ - INFO - FINAL STATISTICS:
2025-05-27 02:38:17,388 - __main__ - INFO -    Total bus stops: 5,170
2025-05-27 02:38:17,388 - __main__ - INFO -    SimplyGo corrections applied: 0
2025-05-27 02:38:17,388 - __main__ - INFO -    Correction rate: 0.0%
2025-05-27 02:38:17,389 - __main__ - INFO - ==========================================================================================
2025-05-27 02:38:17,389 - __main__ - INFO - All data saved and ready for use!
2025-05-27 02:38:17,389 - __main__ - INFO - Main output: data/lta_correction.csv
2025-05-27 02:38:17,389 - __main__ - INFO - ==========================================================================================
2025-05-27 02:38:17,389 - __main__ - INFO - Script execution finished
