2025-11-10 01:49:26,005 - __main__ - INFO - Python version: 3.10.19 (main, Oct 10 2025, 01:01:37) [GCC 13.3.0]
2025-11-10 01:49:26,005 - __main__ - INFO - Starting FIXED comprehensive workflow with 4 workers
2025-11-10 01:49:26,005 - __main__ - INFO - This version uses ORIGINAL LTA data with proper code normalization
2025-11-10 01:49:26,005 - __main__ - INFO - STARTING ENHANCED BUS STOP DATA COLLECTION WORKFLOW
2025-11-10 01:49:26,005 - __main__ - INFO - ================================================================================
2025-11-10 01:49:26,005 - __main__ - INFO - STEP 1: Downloading original LTA DataMall data...
2025-11-10 01:49:26,005 - __main__ - INFO - Starting download from LTA DataMall...
2025-11-10 01:49:27,274 - __main__ - INFO - API request (skip=0) completed in 1.27 seconds
2025-11-10 01:49:27,275 - __main__ - INFO - Retrieved 500 records (total: 500)
2025-11-10 01:49:29,638 - __main__ - INFO - API request (skip=500) completed in 1.17 seconds
2025-11-10 01:49:29,640 - __main__ - INFO - Retrieved 500 records (total: 1000)
2025-11-10 01:49:32,003 - __main__ - INFO - API request (skip=1000) completed in 1.16 seconds
2025-11-10 01:49:32,004 - __main__ - INFO - Retrieved 500 records (total: 1500)
2025-11-10 01:49:34,391 - __main__ - INFO - API request (skip=1500) completed in 1.17 seconds
2025-11-10 01:49:34,392 - __main__ - INFO - Retrieved 500 records (total: 2000)
2025-11-10 01:49:36,816 - __main__ - INFO - API request (skip=2000) completed in 1.19 seconds
2025-11-10 01:49:36,817 - __main__ - INFO - Retrieved 500 records (total: 2500)
2025-11-10 01:49:39,234 - __main__ - INFO - API request (skip=2500) completed in 1.19 seconds
2025-11-10 01:49:39,235 - __main__ - INFO - Retrieved 500 records (total: 3000)
2025-11-10 01:49:41,641 - __main__ - INFO - API request (skip=3000) completed in 1.17 seconds
2025-11-10 01:49:41,642 - __main__ - INFO - Retrieved 500 records (total: 3500)
2025-11-10 01:49:44,064 - __main__ - INFO - API request (skip=3500) completed in 1.18 seconds
2025-11-10 01:49:44,065 - __main__ - INFO - Retrieved 500 records (total: 4000)
2025-11-10 01:49:46,498 - __main__ - INFO - API request (skip=4000) completed in 1.19 seconds
2025-11-10 01:49:46,499 - __main__ - INFO - Retrieved 500 records (total: 4500)
2025-11-10 01:49:48,939 - __main__ - INFO - API request (skip=4500) completed in 1.19 seconds
2025-11-10 01:49:48,940 - __main__ - INFO - Retrieved 500 records (total: 5000)
2025-11-10 01:49:51,340 - __main__ - INFO - API request (skip=5000) completed in 1.14 seconds
2025-11-10 01:49:51,341 - __main__ - INFO - Retrieved 175 records (total: 5175)
2025-11-10 01:49:53,306 - __main__ - INFO - API request (skip=5500) completed in 0.87 seconds
2025-11-10 01:49:53,306 - __main__ - INFO - No more records to fetch from API
2025-11-10 01:49:53,320 - __main__ - INFO - Saved 5175 ORIGINAL records to data/LTA_bus_stops_10112025.csv
2025-11-10 01:49:53,320 - __main__ - INFO - LTA DataMall download completed in 27.32 seconds
2025-11-10 01:49:53,321 - __main__ - INFO - Downloaded 5,175 bus stops from LTA DataMall
2025-11-10 01:49:53,321 - __main__ - INFO - STEP 2: Performing comprehensive data comparison...
2025-11-10 01:49:53,322 - __main__ - INFO - Found previous LTA DataMall file: data/LTA_bus_stops_29092025.csv
2025-11-10 01:49:53,322 - __main__ - INFO - Performing FIXED comprehensive comparison with previous data from data/LTA_bus_stops_29092025.csv
2025-11-10 01:49:53,329 - __main__ - INFO - === DEBUGGING CODE FORMATS ===
2025-11-10 01:49:53,329 - __main__ - INFO - Old file sample codes (raw): [1012, 1013, 1019, 1029, 1039]
2025-11-10 01:49:53,329 - __main__ - INFO - New data sample codes (raw): ['01012', '01013', '01019', '01029', '01039']
2025-11-10 01:49:53,340 - __main__ - INFO - Old file sample codes (normalized): ['01012', '01013', '01019', '01029', '01039']
2025-11-10 01:49:53,340 - __main__ - INFO - New data sample codes (normalized): ['01012', '01013', '01019', '01029', '01039']
2025-11-10 01:49:53,347 - __main__ - INFO - ==========================================================================================
2025-11-10 01:49:53,347 - __main__ - INFO - COMPREHENSIVE BUS STOP COMPARISON REPORT (FIXED)
2025-11-10 01:49:53,347 - __main__ - INFO - ==========================================================================================
2025-11-10 01:49:53,347 - __main__ - INFO - Previous dataset (29092025): 5,165 bus stops
2025-11-10 01:49:53,347 - __main__ - INFO - Current dataset  (10112025): 5,175 bus stops
2025-11-10 01:49:53,347 - __main__ - INFO - Net change in quantity: +10
2025-11-10 01:49:53,347 - __main__ - INFO - ------------------------------------------------------------------------------------------
2025-11-10 01:49:53,347 - __main__ - INFO - CODE CHANGES (after normalization):
2025-11-10 01:49:53,347 - __main__ - INFO -    NEW bus stop codes:     11
2025-11-10 01:49:53,347 - __main__ - INFO -    REMOVED bus stop codes: 1
2025-11-10 01:49:53,348 - __main__ - INFO -    UNCHANGED codes:        5,164
2025-11-10 01:49:53,348 - __main__ - INFO - NAME CHANGES (for same codes):
2025-11-10 01:49:53,348 - __main__ - INFO -    Bus stops with name changes: 17
2025-11-10 01:49:53,348 - __main__ - INFO -    Bus stops with same names:   5,147
2025-11-10 01:49:53,348 - __main__ - INFO - ------------------------------------------------------------------------------------------
2025-11-10 01:49:53,348 - __main__ - INFO - TOTAL CHANGES DETECTED: 29
2025-11-10 01:49:53,348 - __main__ - INFO -    = 11 new + 1 removed + 17 name changes
2025-11-10 01:49:53,348 - __main__ - INFO - ------------------------------------------------------------------------------------------
2025-11-10 01:49:53,350 - __main__ - INFO - Sample new codes: 74941(74941), 40509(40509), 02051(02051)
2025-11-10 01:49:53,350 - __main__ - INFO -    ... and 8 more new codes
2025-11-10 01:49:53,351 - __main__ - INFO - Sample removed codes: 78059(78059)
2025-11-10 01:49:53,351 - __main__ - INFO - Sample name changes:
2025-11-10 01:49:53,353 - __main__ - INFO -      75201: 'Blk 835' -> 'Blk 833'
2025-11-10 01:49:53,353 - __main__ - INFO -      43061: 'Hillview Stn' -> 'Hillview Stn Exit B'
2025-11-10 01:49:53,353 - __main__ - INFO -      57041: 'Nee Soon HQ 22 SIB' -> 'Nee Soon Camp'
2025-11-10 01:49:53,353 - __main__ - INFO -    ... and 14 more name changes
2025-11-10 01:49:53,353 - __main__ - INFO - ==========================================================================================
2025-11-10 01:49:53,353 - __main__ - INFO - 29 CHANGES DETECTED - Will proceed with SimplyGo scraping
2025-11-10 01:49:53,353 - __main__ - INFO -    Will scrape SimplyGo for all changed bus stops to get corrected names
2025-11-10 01:49:53,353 - __main__ - INFO - ==========================================================================================
2025-11-10 01:49:53,355 - __main__ - INFO - Added 11 new bus stops to processing list
2025-11-10 01:49:53,356 - __main__ - INFO - Added 1 removed bus stops to processing list (for reference)
2025-11-10 01:49:53,359 - __main__ - INFO - Added 17 name-changed bus stops to processing list
2025-11-10 01:49:53,362 - __main__ - INFO - Total changes to process: 29
2025-11-10 01:49:53,363 - __main__ - INFO -    - Will scrape SimplyGo for: 28 bus stops
2025-11-10 01:49:53,363 - __main__ - INFO -    - Removed bus stops (reference only): 1
2025-11-10 01:49:53,364 - __main__ - INFO - Saved 29 changes to data/LTA_changes_29092025-10112025.csv
2025-11-10 01:49:53,364 - __main__ - INFO - Comprehensive LTA data comparison (FIXED) completed in 0.04 seconds
2025-11-10 01:49:53,364 - __main__ - INFO - STEP 3: Determining bus stops for SimplyGo scraping...
2025-11-10 01:49:53,365 - __main__ - INFO - Bus stops to scrape from SimplyGo: 28
2025-11-10 01:49:53,366 - __main__ - INFO -    Breakdown:
2025-11-10 01:49:53,366 - __main__ - INFO -       NEW bus stops: 11
2025-11-10 01:49:53,366 - __main__ - INFO -       NAME changed: 17
2025-11-10 01:49:53,366 - __main__ - INFO -       REMOVED (skip): 1
2025-11-10 01:49:53,366 - __main__ - INFO - ======================================================================
2025-11-10 01:49:53,366 - __main__ - INFO - CHANGES DETECTED: 29 total changes
2025-11-10 01:49:53,366 - __main__ - INFO - WILL SCRAPE: 28 bus stops from SimplyGo
2025-11-10 01:49:53,366 - __main__ - INFO - ======================================================================
2025-11-10 01:49:53,366 - __main__ - INFO - Sample codes to scrape: 02051, 40509, 65669, 67771, 67779, 67781, 67789, 67791, 67799, 74941, ... and 18 more
2025-11-10 01:49:53,366 - __main__ - INFO - STEP 4: Scraping SimplyGo for changed bus stops...
2025-11-10 01:49:53,367 - root - INFO - Setting up WebDriver pool with 4 workers
2025-11-10 01:49:53,367 - root - INFO - Initializing WebDriver pool with 4 drivers
2025-11-10 01:49:53,367 - WDM - INFO - ====== WebDriver manager ======
2025-11-10 01:49:57,871 - WDM - INFO - Get LATEST chromedriver version for google-chrome
2025-11-10 01:49:57,936 - WDM - INFO - Get LATEST chromedriver version for google-chrome
2025-11-10 01:49:57,970 - WDM - INFO - There is no [linux64] chromedriver "142.0.7444.61" for browser google-chrome "142.0.7444" in cache
2025-11-10 01:49:57,970 - WDM - INFO - Get LATEST chromedriver version for google-chrome
2025-11-10 01:49:58,093 - WDM - INFO - WebDriver version 142.0.7444.61 selected
2025-11-10 01:49:58,098 - WDM - INFO - Modern chrome version https://storage.googleapis.com/chrome-for-testing-public/142.0.7444.61/linux64/chromedriver-linux64.zip
2025-11-10 01:49:58,098 - WDM - INFO - About to download new driver from https://storage.googleapis.com/chrome-for-testing-public/142.0.7444.61/linux64/chromedriver-linux64.zip
2025-11-10 01:49:58,139 - WDM - INFO - Driver downloading response is 200
2025-11-10 01:49:58,189 - WDM - INFO - Get LATEST chromedriver version for google-chrome
2025-11-10 01:49:58,335 - WDM - INFO - Driver has been saved in cache [/home/runner/.wdm/drivers/chromedriver/linux64/142.0.7444.61]
2025-11-10 01:50:24,971 - WDM - INFO - ====== WebDriver manager ======
2025-11-10 01:50:25,035 - WDM - INFO - Get LATEST chromedriver version for google-chrome
2025-11-10 01:50:25,072 - WDM - INFO - Get LATEST chromedriver version for google-chrome
2025-11-10 01:50:25,107 - WDM - INFO - Driver [/home/runner/.wdm/drivers/chromedriver/linux64/142.0.7444.61/chromedriver-linux64/chromedriver] found in cache
2025-11-10 01:50:25,307 - WDM - INFO - ====== WebDriver manager ======
2025-11-10 01:50:25,377 - WDM - INFO - Get LATEST chromedriver version for google-chrome
2025-11-10 01:50:25,418 - WDM - INFO - Get LATEST chromedriver version for google-chrome
2025-11-10 01:50:25,455 - WDM - INFO - Driver [/home/runner/.wdm/drivers/chromedriver/linux64/142.0.7444.61/chromedriver-linux64/chromedriver] found in cache
2025-11-10 01:50:25,666 - WDM - INFO - ====== WebDriver manager ======
2025-11-10 01:50:25,735 - WDM - INFO - Get LATEST chromedriver version for google-chrome
2025-11-10 01:50:25,771 - WDM - INFO - Get LATEST chromedriver version for google-chrome
2025-11-10 01:50:25,806 - WDM - INFO - Driver [/home/runner/.wdm/drivers/chromedriver/linux64/142.0.7444.61/chromedriver-linux64/chromedriver] found in cache
2025-11-10 01:50:26,013 - root - INFO - WebDriver pool initialized successfully
2025-11-10 01:51:10,416 - root - INFO - Checkpoint saved at 20/28 (71.4%)
2025-11-10 01:51:24,035 - root - INFO - Closing all WebDrivers in pool
2025-11-10 01:51:24,315 - root - INFO - Scraping completed in 90.95 seconds
2025-11-10 01:51:24,315 - root - INFO - Success rate: 28/28 (100.0%)
2025-11-10 01:51:24,317 - root - INFO - Results saved to output/simplygo_bus_stops_20251110_014953.csv
2025-11-10 01:51:24,317 - __main__ - INFO - SimplyGo scraping completed: 28 results
2025-11-10 01:51:24,317 - __main__ - INFO - STEP 5: Applying corrections to original LTA data...
2025-11-10 01:51:24,321 - __main__ - INFO - Valid SimplyGo corrections available: 28
2025-11-10 01:51:24,350 - __main__ - INFO - Applied 28 corrections from SimplyGo to original LTA data
2025-11-10 01:51:24,366 - __main__ - INFO - Saved corrected dataset to data/lta_correction_20251110_014926.csv
2025-11-10 01:51:24,382 - __main__ - INFO - Saved consistent copy to data/lta_correction.csv
2025-11-10 01:51:24,382 - __main__ - INFO - ENHANCED WORKFLOW COMPLETED
2025-11-10 01:51:24,382 - __main__ - INFO - Enhanced comprehensive workflow completed in 118.38 seconds
2025-11-10 01:51:24,382 - __main__ - INFO - ==========================================================================================
2025-11-10 01:51:24,382 - __main__ - INFO - FIXED WORKFLOW COMPLETED SUCCESSFULLY!
2025-11-10 01:51:24,382 - __main__ - INFO - ==========================================================================================
2025-11-10 01:51:24,383 - __main__ - INFO - FINAL STATISTICS:
2025-11-10 01:51:24,383 - __main__ - INFO -    Total bus stops: 5,175
2025-11-10 01:51:24,383 - __main__ - INFO -    SimplyGo corrections applied: 28
2025-11-10 01:51:24,383 - __main__ - INFO -    Correction rate: 0.5%
2025-11-10 01:51:24,384 - __main__ - INFO - CHANGE BREAKDOWN:
2025-11-10 01:51:24,384 - __main__ - INFO -    New bus stops: 11
2025-11-10 01:51:24,384 - __main__ - INFO -    Name changes: 17
2025-11-10 01:51:24,384 - __main__ - INFO -    Removed stops: 1
2025-11-10 01:51:24,384 - __main__ - INFO -    Total changes: 29
2025-11-10 01:51:24,384 - __main__ - INFO - EFFICIENCY METRICS:
2025-11-10 01:51:24,384 - __main__ - INFO -    Scraping success rate: 100.0%
2025-11-10 01:51:24,385 - __main__ - INFO -    Processing efficiency: Only processed 29 changes instead of all 5,175 bus stops
2025-11-10 01:51:24,385 - __main__ - INFO - SAMPLE CORRECTIONS:
2025-11-10 01:51:24,385 - __main__ - INFO -    02051: 'The Float @ Marina Bay' -> 'The Float @ Marina Bay'
2025-11-10 01:51:24,386 - __main__ - INFO -    05649: 'Aft Cantonment Rd' -> 'Aft Cantonment Rd'
2025-11-10 01:51:24,386 - __main__ - INFO -    16199: 'Aft Architecture Dr' -> 'Aft Architecture Dr'
2025-11-10 01:51:24,386 - __main__ - INFO - ==========================================================================================
2025-11-10 01:51:24,386 - __main__ - INFO - All data saved and ready for use!
2025-11-10 01:51:24,386 - __main__ - INFO - Main output: data/lta_correction.csv
2025-11-10 01:51:24,386 - __main__ - INFO - ==========================================================================================
2025-11-10 01:51:24,387 - __main__ - INFO - Script execution finished
