2025-12-08 01:49:54,851 - __main__ - INFO - Python version: 3.10.19 (main, Oct 10 2025, 01:01:37) [GCC 13.3.0]
2025-12-08 01:49:54,851 - __main__ - INFO - Starting FIXED comprehensive workflow with 4 workers
2025-12-08 01:49:54,851 - __main__ - INFO - This version uses ORIGINAL LTA data with proper code normalization
2025-12-08 01:49:54,851 - __main__ - INFO - STARTING ENHANCED BUS STOP DATA COLLECTION WORKFLOW
2025-12-08 01:49:54,851 - __main__ - INFO - ================================================================================
2025-12-08 01:49:54,851 - __main__ - INFO - STEP 1: Downloading original LTA DataMall data...
2025-12-08 01:49:54,851 - __main__ - INFO - Starting download from LTA DataMall...
2025-12-08 01:49:56,271 - __main__ - INFO - API request (skip=0) completed in 1.42 seconds
2025-12-08 01:49:56,272 - __main__ - INFO - Retrieved 500 records (total: 500)
2025-12-08 01:49:58,643 - __main__ - INFO - API request (skip=500) completed in 1.18 seconds
2025-12-08 01:49:58,644 - __main__ - INFO - Retrieved 500 records (total: 1000)
2025-12-08 01:50:01,036 - __main__ - INFO - API request (skip=1000) completed in 1.19 seconds
2025-12-08 01:50:01,037 - __main__ - INFO - Retrieved 500 records (total: 1500)
2025-12-08 01:50:03,432 - __main__ - INFO - API request (skip=1500) completed in 1.18 seconds
2025-12-08 01:50:03,433 - __main__ - INFO - Retrieved 500 records (total: 2000)
2025-12-08 01:50:05,871 - __main__ - INFO - API request (skip=2000) completed in 1.22 seconds
2025-12-08 01:50:05,872 - __main__ - INFO - Retrieved 500 records (total: 2500)
2025-12-08 01:50:08,324 - __main__ - INFO - API request (skip=2500) completed in 1.23 seconds
2025-12-08 01:50:08,325 - __main__ - INFO - Retrieved 500 records (total: 3000)
2025-12-08 01:50:10,754 - __main__ - INFO - API request (skip=3000) completed in 1.20 seconds
2025-12-08 01:50:10,755 - __main__ - INFO - Retrieved 500 records (total: 3500)
2025-12-08 01:50:13,195 - __main__ - INFO - API request (skip=3500) completed in 1.20 seconds
2025-12-08 01:50:13,196 - __main__ - INFO - Retrieved 500 records (total: 4000)
2025-12-08 01:50:15,651 - __main__ - INFO - API request (skip=4000) completed in 1.21 seconds
2025-12-08 01:50:15,652 - __main__ - INFO - Retrieved 500 records (total: 4500)
2025-12-08 01:50:18,105 - __main__ - INFO - API request (skip=4500) completed in 1.20 seconds
2025-12-08 01:50:18,106 - __main__ - INFO - Retrieved 500 records (total: 5000)
2025-12-08 01:50:20,306 - __main__ - INFO - API request (skip=5000) completed in 0.94 seconds
2025-12-08 01:50:20,306 - __main__ - INFO - Retrieved 177 records (total: 5177)
2025-12-08 01:50:22,363 - __main__ - INFO - API request (skip=5500) completed in 0.96 seconds
2025-12-08 01:50:22,363 - __main__ - INFO - No more records to fetch from API
2025-12-08 01:50:22,377 - __main__ - INFO - Saved 5177 ORIGINAL records to data/LTA_bus_stops_08122025.csv
2025-12-08 01:50:22,377 - __main__ - INFO - LTA DataMall download completed in 27.53 seconds
2025-12-08 01:50:22,378 - __main__ - INFO - Downloaded 5,177 bus stops from LTA DataMall
2025-12-08 01:50:22,378 - __main__ - INFO - STEP 2: Performing comprehensive data comparison...
2025-12-08 01:50:22,379 - __main__ - INFO - Found previous LTA DataMall file: data/LTA_bus_stops_29092025.csv
2025-12-08 01:50:22,379 - __main__ - INFO - Performing FIXED comprehensive comparison with previous data from data/LTA_bus_stops_29092025.csv
2025-12-08 01:50:22,385 - __main__ - INFO - === DEBUGGING CODE FORMATS ===
2025-12-08 01:50:22,385 - __main__ - INFO - Old file sample codes (raw): [1012, 1013, 1019, 1029, 1039]
2025-12-08 01:50:22,385 - __main__ - INFO - New data sample codes (raw): ['01012', '01013', '01019', '01029', '01039']
2025-12-08 01:50:22,396 - __main__ - INFO - Old file sample codes (normalized): ['01012', '01013', '01019', '01029', '01039']
2025-12-08 01:50:22,396 - __main__ - INFO - New data sample codes (normalized): ['01012', '01013', '01019', '01029', '01039']
2025-12-08 01:50:22,403 - __main__ - INFO - ==========================================================================================
2025-12-08 01:50:22,404 - __main__ - INFO - COMPREHENSIVE BUS STOP COMPARISON REPORT (FIXED)
2025-12-08 01:50:22,404 - __main__ - INFO - ==========================================================================================
2025-12-08 01:50:22,404 - __main__ - INFO - Previous dataset (29092025): 5,165 bus stops
2025-12-08 01:50:22,404 - __main__ - INFO - Current dataset  (08122025): 5,177 bus stops
2025-12-08 01:50:22,404 - __main__ - INFO - Net change in quantity: +12
2025-12-08 01:50:22,404 - __main__ - INFO - ------------------------------------------------------------------------------------------
2025-12-08 01:50:22,404 - __main__ - INFO - CODE CHANGES (after normalization):
2025-12-08 01:50:22,404 - __main__ - INFO -    NEW bus stop codes:     15
2025-12-08 01:50:22,404 - __main__ - INFO -    REMOVED bus stop codes: 3
2025-12-08 01:50:22,404 - __main__ - INFO -    UNCHANGED codes:        5,162
2025-12-08 01:50:22,404 - __main__ - INFO - NAME CHANGES (for same codes):
2025-12-08 01:50:22,404 - __main__ - INFO -    Bus stops with name changes: 17
2025-12-08 01:50:22,404 - __main__ - INFO -    Bus stops with same names:   5,145
2025-12-08 01:50:22,404 - __main__ - INFO - ------------------------------------------------------------------------------------------
2025-12-08 01:50:22,404 - __main__ - INFO - TOTAL CHANGES DETECTED: 35
2025-12-08 01:50:22,404 - __main__ - INFO -    = 15 new + 3 removed + 17 name changes
2025-12-08 01:50:22,404 - __main__ - INFO - ------------------------------------------------------------------------------------------
2025-12-08 01:50:22,406 - __main__ - INFO - Sample new codes: 67789(67789), 67781(67781), 65669(65669)
2025-12-08 01:50:22,406 - __main__ - INFO -    ... and 12 more new codes
2025-12-08 01:50:22,408 - __main__ - INFO - Sample removed codes: 78059(78059), 27381(27381), 27389(27389)
2025-12-08 01:50:22,408 - __main__ - INFO - Sample name changes:
2025-12-08 01:50:22,410 - __main__ - INFO -      43061: 'Hillview Stn' -> 'Hillview Stn Exit B'
2025-12-08 01:50:22,410 - __main__ - INFO -      43091: 'Bef Cashew Stn' -> 'Opp Cashew Stn'
2025-12-08 01:50:22,410 - __main__ - INFO -      43081: 'Opp Assumption Eng Sch' -> 'Opp St. Joseph's Ch (Bt Timah)'
2025-12-08 01:50:22,410 - __main__ - INFO -    ... and 14 more name changes
2025-12-08 01:50:22,410 - __main__ - INFO - ==========================================================================================
2025-12-08 01:50:22,410 - __main__ - INFO - 35 CHANGES DETECTED - Will proceed with SimplyGo scraping
2025-12-08 01:50:22,410 - __main__ - INFO -    Will scrape SimplyGo for all changed bus stops to get corrected names
2025-12-08 01:50:22,410 - __main__ - INFO - ==========================================================================================
2025-12-08 01:50:22,412 - __main__ - INFO - Added 15 new bus stops to processing list
2025-12-08 01:50:22,413 - __main__ - INFO - Added 3 removed bus stops to processing list (for reference)
2025-12-08 01:50:22,416 - __main__ - INFO - Added 17 name-changed bus stops to processing list
2025-12-08 01:50:22,419 - __main__ - INFO - Total changes to process: 35
2025-12-08 01:50:22,419 - __main__ - INFO -    - Will scrape SimplyGo for: 32 bus stops
2025-12-08 01:50:22,420 - __main__ - INFO -    - Removed bus stops (reference only): 3
2025-12-08 01:50:22,421 - __main__ - INFO - Saved 35 changes to data/LTA_changes_29092025-08122025.csv
2025-12-08 01:50:22,421 - __main__ - INFO - Comprehensive LTA data comparison (FIXED) completed in 0.04 seconds
2025-12-08 01:50:22,421 - __main__ - INFO - STEP 3: Determining bus stops for SimplyGo scraping...
2025-12-08 01:50:22,422 - __main__ - INFO - Bus stops to scrape from SimplyGo: 32
2025-12-08 01:50:22,423 - __main__ - INFO -    Breakdown:
2025-12-08 01:50:22,423 - __main__ - INFO -       NEW bus stops: 15
2025-12-08 01:50:22,423 - __main__ - INFO -       NAME changed: 17
2025-12-08 01:50:22,423 - __main__ - INFO -       REMOVED (skip): 3
2025-12-08 01:50:22,423 - __main__ - INFO - ======================================================================
2025-12-08 01:50:22,423 - __main__ - INFO - CHANGES DETECTED: 35 total changes
2025-12-08 01:50:22,423 - __main__ - INFO - WILL SCRAPE: 32 bus stops from SimplyGo
2025-12-08 01:50:22,423 - __main__ - INFO - ======================================================================
2025-12-08 01:50:22,423 - __main__ - INFO - Sample codes to scrape: 02051, 29161, 40491, 40499, 40509, 47721, 65669, 67771, 67779, 67781, ... and 22 more
2025-12-08 01:50:22,423 - __main__ - INFO - STEP 4: Scraping SimplyGo for changed bus stops...
2025-12-08 01:50:22,423 - root - INFO - Setting up WebDriver pool with 4 workers
2025-12-08 01:50:22,423 - root - INFO - Initializing WebDriver pool with 4 drivers
2025-12-08 01:50:22,423 - WDM - INFO - ====== WebDriver manager ======
2025-12-08 01:50:23,614 - WDM - INFO - Get LATEST chromedriver version for google-chrome
2025-12-08 01:50:23,723 - WDM - INFO - Get LATEST chromedriver version for google-chrome
2025-12-08 01:50:23,771 - WDM - INFO - There is no [linux64] chromedriver "142.0.7444.175" for browser google-chrome "142.0.7444" in cache
2025-12-08 01:50:23,772 - WDM - INFO - Get LATEST chromedriver version for google-chrome
2025-12-08 01:50:23,909 - WDM - INFO - WebDriver version 142.0.7444.175 selected
2025-12-08 01:50:23,915 - WDM - INFO - Modern chrome version https://storage.googleapis.com/chrome-for-testing-public/142.0.7444.175/linux64/chromedriver-linux64.zip
2025-12-08 01:50:23,915 - WDM - INFO - About to download new driver from https://storage.googleapis.com/chrome-for-testing-public/142.0.7444.175/linux64/chromedriver-linux64.zip
2025-12-08 01:50:23,963 - WDM - INFO - Driver downloading response is 200
2025-12-08 01:50:24,041 - WDM - INFO - Get LATEST chromedriver version for google-chrome
2025-12-08 01:50:24,199 - WDM - INFO - Driver has been saved in cache [/home/runner/.wdm/drivers/chromedriver/linux64/142.0.7444.175]
2025-12-08 01:50:28,479 - WDM - INFO - ====== WebDriver manager ======
2025-12-08 01:50:28,542 - WDM - INFO - Get LATEST chromedriver version for google-chrome
2025-12-08 01:50:28,589 - WDM - INFO - Get LATEST chromedriver version for google-chrome
2025-12-08 01:50:28,636 - WDM - INFO - Driver [/home/runner/.wdm/drivers/chromedriver/linux64/142.0.7444.175/chromedriver-linux64/chromedriver] found in cache
2025-12-08 01:50:28,836 - WDM - INFO - ====== WebDriver manager ======
2025-12-08 01:50:28,904 - WDM - INFO - Get LATEST chromedriver version for google-chrome
2025-12-08 01:50:28,953 - WDM - INFO - Get LATEST chromedriver version for google-chrome
2025-12-08 01:50:28,999 - WDM - INFO - Driver [/home/runner/.wdm/drivers/chromedriver/linux64/142.0.7444.175/chromedriver-linux64/chromedriver] found in cache
2025-12-08 01:50:29,193 - WDM - INFO - ====== WebDriver manager ======
2025-12-08 01:50:29,263 - WDM - INFO - Get LATEST chromedriver version for google-chrome
2025-12-08 01:50:29,311 - WDM - INFO - Get LATEST chromedriver version for google-chrome
2025-12-08 01:50:29,363 - WDM - INFO - Driver [/home/runner/.wdm/drivers/chromedriver/linux64/142.0.7444.175/chromedriver-linux64/chromedriver] found in cache
2025-12-08 01:50:29,563 - root - INFO - WebDriver pool initialized successfully
2025-12-08 01:51:09,023 - root - INFO - Checkpoint saved at 20/32 (62.5%)
2025-12-08 01:51:29,810 - root - INFO - Closing all WebDrivers in pool
2025-12-08 01:51:30,082 - root - INFO - Scraping completed in 67.66 seconds
2025-12-08 01:51:30,082 - root - INFO - Success rate: 32/32 (100.0%)
2025-12-08 01:51:30,083 - root - INFO - Results saved to output/simplygo_bus_stops_20251208_015022.csv
2025-12-08 01:51:30,084 - __main__ - INFO - SimplyGo scraping completed: 32 results
2025-12-08 01:51:30,084 - __main__ - INFO - STEP 5: Applying corrections to original LTA data...
2025-12-08 01:51:30,087 - __main__ - INFO - Valid SimplyGo corrections available: 32
2025-12-08 01:51:30,117 - __main__ - INFO - Applied 32 corrections from SimplyGo to original LTA data
2025-12-08 01:51:30,133 - __main__ - INFO - Saved corrected dataset to data/lta_correction_20251208_014954.csv
2025-12-08 01:51:30,149 - __main__ - INFO - Saved consistent copy to data/lta_correction.csv
2025-12-08 01:51:30,149 - __main__ - INFO - ENHANCED WORKFLOW COMPLETED
2025-12-08 01:51:30,149 - __main__ - INFO - Enhanced comprehensive workflow completed in 95.30 seconds
2025-12-08 01:51:30,149 - __main__ - INFO - ==========================================================================================
2025-12-08 01:51:30,149 - __main__ - INFO - FIXED WORKFLOW COMPLETED SUCCESSFULLY!
2025-12-08 01:51:30,150 - __main__ - INFO - ==========================================================================================
2025-12-08 01:51:30,150 - __main__ - INFO - FINAL STATISTICS:
2025-12-08 01:51:30,150 - __main__ - INFO -    Total bus stops: 5,177
2025-12-08 01:51:30,150 - __main__ - INFO -    SimplyGo corrections applied: 32
2025-12-08 01:51:30,150 - __main__ - INFO -    Correction rate: 0.6%
2025-12-08 01:51:30,151 - __main__ - INFO - CHANGE BREAKDOWN:
2025-12-08 01:51:30,151 - __main__ - INFO -    New bus stops: 15
2025-12-08 01:51:30,151 - __main__ - INFO -    Name changes: 17
2025-12-08 01:51:30,151 - __main__ - INFO -    Removed stops: 3
2025-12-08 01:51:30,151 - __main__ - INFO -    Total changes: 35
2025-12-08 01:51:30,152 - __main__ - INFO - EFFICIENCY METRICS:
2025-12-08 01:51:30,152 - __main__ - INFO -    Scraping success rate: 100.0%
2025-12-08 01:51:30,152 - __main__ - INFO -    Processing efficiency: Only processed 35 changes instead of all 5,177 bus stops
2025-12-08 01:51:30,153 - __main__ - INFO - SAMPLE CORRECTIONS:
2025-12-08 01:51:30,153 - __main__ - INFO -    02051: 'The Float @ Marina Bay' -> 'The Float @ Marina Bay'
2025-12-08 01:51:30,153 - __main__ - INFO -    05649: 'Aft Cantonment Rd' -> 'Aft Cantonment Rd'
2025-12-08 01:51:30,153 - __main__ - INFO -    16199: 'Aft Architecture Dr' -> 'Aft Architecture Dr'
2025-12-08 01:51:30,153 - __main__ - INFO - ==========================================================================================
2025-12-08 01:51:30,153 - __main__ - INFO - All data saved and ready for use!
2025-12-08 01:51:30,153 - __main__ - INFO - Main output: data/lta_correction.csv
2025-12-08 01:51:30,153 - __main__ - INFO - ==========================================================================================
2025-12-08 01:51:30,154 - __main__ - INFO - Script execution finished
