2025-09-01 01:53:58,780 - __main__ - INFO - Python version: 3.10.18 (main, Jun  4 2025, 04:04:42) [GCC 13.3.0]
2025-09-01 01:53:58,780 - __main__ - INFO - Starting FIXED comprehensive workflow with 4 workers
2025-09-01 01:53:58,780 - __main__ - INFO - This version uses ORIGINAL LTA data with proper code normalization
2025-09-01 01:53:58,780 - __main__ - INFO - STARTING ENHANCED BUS STOP DATA COLLECTION WORKFLOW
2025-09-01 01:53:58,780 - __main__ - INFO - ================================================================================
2025-09-01 01:53:58,780 - __main__ - INFO - STEP 1: Downloading original LTA DataMall data...
2025-09-01 01:53:58,780 - __main__ - INFO - Starting download from LTA DataMall...
2025-09-01 01:54:00,070 - __main__ - INFO - API request (skip=0) completed in 1.29 seconds
2025-09-01 01:54:00,071 - __main__ - INFO - Retrieved 500 records (total: 500)
2025-09-01 01:54:02,719 - __main__ - INFO - API request (skip=500) completed in 1.46 seconds
2025-09-01 01:54:02,720 - __main__ - INFO - Retrieved 500 records (total: 1000)
2025-09-01 01:54:05,103 - __main__ - INFO - API request (skip=1000) completed in 1.18 seconds
2025-09-01 01:54:05,104 - __main__ - INFO - Retrieved 500 records (total: 1500)
2025-09-01 01:54:07,510 - __main__ - INFO - API request (skip=1500) completed in 1.20 seconds
2025-09-01 01:54:07,511 - __main__ - INFO - Retrieved 500 records (total: 2000)
2025-09-01 01:54:09,960 - __main__ - INFO - API request (skip=2000) completed in 1.23 seconds
2025-09-01 01:54:09,961 - __main__ - INFO - Retrieved 500 records (total: 2500)
2025-09-01 01:54:12,375 - __main__ - INFO - API request (skip=2500) completed in 1.19 seconds
2025-09-01 01:54:12,376 - __main__ - INFO - Retrieved 500 records (total: 3000)
2025-09-01 01:54:14,764 - __main__ - INFO - API request (skip=3000) completed in 1.16 seconds
2025-09-01 01:54:14,765 - __main__ - INFO - Retrieved 500 records (total: 3500)
2025-09-01 01:54:17,186 - __main__ - INFO - API request (skip=3500) completed in 1.18 seconds
2025-09-01 01:54:17,187 - __main__ - INFO - Retrieved 500 records (total: 4000)
2025-09-01 01:54:19,677 - __main__ - INFO - API request (skip=4000) completed in 1.24 seconds
2025-09-01 01:54:19,678 - __main__ - INFO - Retrieved 500 records (total: 4500)
2025-09-01 01:54:22,144 - __main__ - INFO - API request (skip=4500) completed in 1.21 seconds
2025-09-01 01:54:22,145 - __main__ - INFO - Retrieved 500 records (total: 5000)
2025-09-01 01:54:24,534 - __main__ - INFO - API request (skip=5000) completed in 1.13 seconds
2025-09-01 01:54:24,535 - __main__ - INFO - Retrieved 162 records (total: 5162)
2025-09-01 01:54:26,506 - __main__ - INFO - API request (skip=5500) completed in 0.88 seconds
2025-09-01 01:54:26,506 - __main__ - INFO - No more records to fetch from API
2025-09-01 01:54:26,520 - __main__ - INFO - Saved 5162 ORIGINAL records to data/LTA_bus_stops_01092025.csv
2025-09-01 01:54:26,520 - __main__ - INFO - LTA DataMall download completed in 27.74 seconds
2025-09-01 01:54:26,521 - __main__ - INFO - Downloaded 5,162 bus stops from LTA DataMall
2025-09-01 01:54:26,521 - __main__ - INFO - STEP 2: Performing comprehensive data comparison...
2025-09-01 01:54:26,522 - __main__ - INFO - Found previous LTA DataMall file: data/LTA_bus_stops_27052025.csv
2025-09-01 01:54:26,522 - __main__ - INFO - Performing FIXED comprehensive comparison with previous data from data/LTA_bus_stops_27052025.csv
2025-09-01 01:54:26,528 - __main__ - INFO - === DEBUGGING CODE FORMATS ===
2025-09-01 01:54:26,528 - __main__ - INFO - Old file sample codes (raw): [1012, 1013, 1019, 1029, 1039]
2025-09-01 01:54:26,529 - __main__ - INFO - New data sample codes (raw): ['01012', '01013', '01019', '01029', '01039']
2025-09-01 01:54:26,539 - __main__ - INFO - Old file sample codes (normalized): ['01012', '01013', '01019', '01029', '01039']
2025-09-01 01:54:26,539 - __main__ - INFO - New data sample codes (normalized): ['01012', '01013', '01019', '01029', '01039']
2025-09-01 01:54:26,546 - __main__ - INFO - ==========================================================================================
2025-09-01 01:54:26,547 - __main__ - INFO - COMPREHENSIVE BUS STOP COMPARISON REPORT (FIXED)
2025-09-01 01:54:26,547 - __main__ - INFO - ==========================================================================================
2025-09-01 01:54:26,547 - __main__ - INFO - Previous dataset (27052025): 5,170 bus stops
2025-09-01 01:54:26,547 - __main__ - INFO - Current dataset  (01092025): 5,162 bus stops
2025-09-01 01:54:26,547 - __main__ - INFO - Net change in quantity: -8
2025-09-01 01:54:26,547 - __main__ - INFO - ------------------------------------------------------------------------------------------
2025-09-01 01:54:26,547 - __main__ - INFO - CODE CHANGES (after normalization):
2025-09-01 01:54:26,547 - __main__ - INFO -    NEW bus stop codes:     19
2025-09-01 01:54:26,547 - __main__ - INFO -    REMOVED bus stop codes: 27
2025-09-01 01:54:26,547 - __main__ - INFO -    UNCHANGED codes:        5,143
2025-09-01 01:54:26,547 - __main__ - INFO - NAME CHANGES (for same codes):
2025-09-01 01:54:26,547 - __main__ - INFO -    Bus stops with name changes: 555
2025-09-01 01:54:26,547 - __main__ - INFO -    Bus stops with same names:   4,588
2025-09-01 01:54:26,547 - __main__ - INFO - ------------------------------------------------------------------------------------------
2025-09-01 01:54:26,547 - __main__ - INFO - TOTAL CHANGES DETECTED: 601
2025-09-01 01:54:26,547 - __main__ - INFO -    = 19 new + 27 removed + 555 name changes
2025-09-01 01:54:26,547 - __main__ - INFO - ------------------------------------------------------------------------------------------
2025-09-01 01:54:26,549 - __main__ - INFO - Sample new codes: 32159(32159), 32129(32129), 65739(65739)
2025-09-01 01:54:26,549 - __main__ - INFO -    ... and 16 more new codes
2025-09-01 01:54:26,551 - __main__ - INFO - Sample removed codes: 31081(31081), 32079(32079), 34109(34109)
2025-09-01 01:54:26,551 - __main__ - INFO -    ... and 24 more removed codes
2025-09-01 01:54:26,551 - __main__ - INFO - Sample name changes:
2025-09-01 01:54:26,553 - __main__ - INFO -      28029: '8 @ TRADEHUB 21' -> '8 @ Tradehub 21'
2025-09-01 01:54:26,553 - __main__ - INFO -      64099: 'HOUGANG SEC SCH' -> 'Hougang Sec Sch'
2025-09-01 01:54:26,553 - __main__ - INFO -      04339: 'FORT CANNING STN EXIT B' -> 'Fort Canning Stn Exit B'
2025-09-01 01:54:26,553 - __main__ - INFO -    ... and 552 more name changes
2025-09-01 01:54:26,553 - __main__ - INFO - ==========================================================================================
2025-09-01 01:54:26,554 - __main__ - INFO - 601 CHANGES DETECTED - Will proceed with SimplyGo scraping
2025-09-01 01:54:26,554 - __main__ - INFO -    Will scrape SimplyGo for all changed bus stops to get corrected names
2025-09-01 01:54:26,554 - __main__ - INFO - ==========================================================================================
2025-09-01 01:54:26,555 - __main__ - INFO - Added 19 new bus stops to processing list
2025-09-01 01:54:26,556 - __main__ - INFO - Added 27 removed bus stops to processing list (for reference)
2025-09-01 01:54:26,560 - __main__ - INFO - Added 555 name-changed bus stops to processing list
2025-09-01 01:54:26,564 - __main__ - INFO - Total changes to process: 601
2025-09-01 01:54:26,564 - __main__ - INFO -    - Will scrape SimplyGo for: 574 bus stops
2025-09-01 01:54:26,565 - __main__ - INFO -    - Removed bus stops (reference only): 27
2025-09-01 01:54:26,567 - __main__ - INFO - Saved 601 changes to data/LTA_changes_27052025-01092025.csv
2025-09-01 01:54:26,567 - __main__ - INFO - Comprehensive LTA data comparison (FIXED) completed in 0.05 seconds
2025-09-01 01:54:26,568 - __main__ - INFO - STEP 3: Determining bus stops for SimplyGo scraping...
2025-09-01 01:54:26,569 - __main__ - INFO - Bus stops to scrape from SimplyGo: 574
2025-09-01 01:54:26,570 - __main__ - INFO -    Breakdown:
2025-09-01 01:54:26,570 - __main__ - INFO -       NEW bus stops: 19
2025-09-01 01:54:26,570 - __main__ - INFO -       NAME changed: 555
2025-09-01 01:54:26,570 - __main__ - INFO -       REMOVED (skip): 27
2025-09-01 01:54:26,570 - __main__ - INFO - ======================================================================
2025-09-01 01:54:26,570 - __main__ - INFO - CHANGES DETECTED: 601 total changes
2025-09-01 01:54:26,570 - __main__ - INFO - WILL SCRAPE: 574 bus stops from SimplyGo
2025-09-01 01:54:26,570 - __main__ - INFO - ======================================================================
2025-09-01 01:54:26,570 - __main__ - INFO - Sample codes to scrape: 32121, 32129, 32131, 32139, 32141, 32149, 32151, 32159, 40481, 40489, ... and 564 more
2025-09-01 01:54:26,570 - __main__ - INFO - STEP 4: Scraping SimplyGo for changed bus stops...
2025-09-01 01:54:26,570 - root - INFO - Setting up WebDriver pool with 4 workers
2025-09-01 01:54:26,570 - root - INFO - Initializing WebDriver pool with 4 drivers
2025-09-01 01:54:26,570 - WDM - INFO - ====== WebDriver manager ======
2025-09-01 01:54:27,599 - WDM - INFO - Get LATEST chromedriver version for google-chrome
2025-09-01 01:54:27,659 - WDM - INFO - Get LATEST chromedriver version for google-chrome
2025-09-01 01:54:27,705 - WDM - INFO - There is no [linux64] chromedriver "139.0.7258.154" for browser google-chrome "139.0.7258" in cache
2025-09-01 01:54:27,706 - WDM - INFO - Get LATEST chromedriver version for google-chrome
2025-09-01 01:54:27,843 - WDM - INFO - WebDriver version 139.0.7258.154 selected
2025-09-01 01:54:27,848 - WDM - INFO - Modern chrome version https://storage.googleapis.com/chrome-for-testing-public/139.0.7258.154/linux64/chromedriver-linux64.zip
2025-09-01 01:54:27,848 - WDM - INFO - About to download new driver from https://storage.googleapis.com/chrome-for-testing-public/139.0.7258.154/linux64/chromedriver-linux64.zip
2025-09-01 01:54:27,896 - WDM - INFO - Driver downloading response is 200
2025-09-01 01:54:27,971 - WDM - INFO - Get LATEST chromedriver version for google-chrome
2025-09-01 01:54:28,127 - WDM - INFO - Driver has been saved in cache [/home/runner/.wdm/drivers/chromedriver/linux64/139.0.7258.154]
2025-09-01 01:54:32,489 - WDM - INFO - ====== WebDriver manager ======
2025-09-01 01:54:32,553 - WDM - INFO - Get LATEST chromedriver version for google-chrome
2025-09-01 01:54:32,600 - WDM - INFO - Get LATEST chromedriver version for google-chrome
2025-09-01 01:54:32,647 - WDM - INFO - Driver [/home/runner/.wdm/drivers/chromedriver/linux64/139.0.7258.154/chromedriver-linux64/chromedriver] found in cache
2025-09-01 01:54:32,849 - WDM - INFO - ====== WebDriver manager ======
2025-09-01 01:54:32,916 - WDM - INFO - Get LATEST chromedriver version for google-chrome
2025-09-01 01:54:32,964 - WDM - INFO - Get LATEST chromedriver version for google-chrome
2025-09-01 01:54:33,012 - WDM - INFO - Driver [/home/runner/.wdm/drivers/chromedriver/linux64/139.0.7258.154/chromedriver-linux64/chromedriver] found in cache
2025-09-01 01:54:33,220 - WDM - INFO - ====== WebDriver manager ======
2025-09-01 01:54:33,289 - WDM - INFO - Get LATEST chromedriver version for google-chrome
2025-09-01 01:54:33,337 - WDM - INFO - Get LATEST chromedriver version for google-chrome
2025-09-01 01:54:33,383 - WDM - INFO - Driver [/home/runner/.wdm/drivers/chromedriver/linux64/139.0.7258.154/chromedriver-linux64/chromedriver] found in cache
2025-09-01 01:54:33,587 - root - INFO - WebDriver pool initialized successfully
2025-09-01 01:57:28,544 - root - INFO - Checkpoint saved at 20/574 (3.5%)
2025-09-01 01:57:28,546 - root - INFO - Checkpoint saved at 40/574 (7.0%)
2025-09-01 01:57:28,550 - root - INFO - Checkpoint saved at 60/574 (10.5%)
2025-09-01 01:57:28,554 - root - INFO - Checkpoint saved at 80/574 (13.9%)
2025-09-01 01:57:38,694 - root - INFO - Checkpoint saved at 100/574 (17.4%)
2025-09-01 01:58:11,929 - root - INFO - Checkpoint saved at 120/574 (20.9%)
2025-09-01 01:58:44,327 - root - INFO - Checkpoint saved at 140/574 (24.4%)
2025-09-01 01:59:19,195 - root - INFO - Checkpoint saved at 160/574 (27.9%)
2025-09-01 01:59:54,951 - root - INFO - Checkpoint saved at 180/574 (31.4%)
2025-09-01 02:00:30,913 - root - INFO - Checkpoint saved at 200/574 (34.8%)
2025-09-01 02:01:06,501 - root - INFO - Checkpoint saved at 220/574 (38.3%)
2025-09-01 02:01:43,791 - root - INFO - Checkpoint saved at 240/574 (41.8%)
2025-09-01 02:02:18,808 - root - INFO - Checkpoint saved at 260/574 (45.3%)
2025-09-01 02:02:55,479 - root - INFO - Checkpoint saved at 280/574 (48.8%)
2025-09-01 02:03:29,321 - root - INFO - Checkpoint saved at 300/574 (52.3%)
2025-09-01 02:04:06,373 - root - INFO - Checkpoint saved at 320/574 (55.7%)
2025-09-01 02:04:42,741 - root - INFO - Checkpoint saved at 340/574 (59.2%)
2025-09-01 02:05:17,504 - root - INFO - Checkpoint saved at 360/574 (62.7%)
2025-09-01 02:05:53,626 - root - INFO - Checkpoint saved at 380/574 (66.2%)
2025-09-01 02:06:29,991 - root - INFO - Checkpoint saved at 400/574 (69.7%)
2025-09-01 02:07:05,678 - root - INFO - Checkpoint saved at 420/574 (73.2%)
2025-09-01 02:07:39,916 - root - INFO - Checkpoint saved at 440/574 (76.7%)
2025-09-01 02:08:14,425 - root - INFO - Checkpoint saved at 460/574 (80.1%)
2025-09-01 02:08:49,285 - root - INFO - Checkpoint saved at 480/574 (83.6%)
2025-09-01 02:09:24,302 - root - INFO - Checkpoint saved at 500/574 (87.1%)
2025-09-01 02:10:00,121 - root - INFO - Checkpoint saved at 520/574 (90.6%)
2025-09-01 02:10:35,838 - root - INFO - Checkpoint saved at 540/574 (94.1%)
2025-09-01 02:11:09,239 - root - INFO - Checkpoint saved at 560/574 (97.6%)
2025-09-01 02:11:36,079 - root - INFO - Closing all WebDrivers in pool
2025-09-01 02:11:36,453 - root - INFO - Scraping completed in 1029.88 seconds
2025-09-01 02:11:36,454 - root - INFO - Success rate: 574/574 (100.0%)
2025-09-01 02:11:36,457 - root - INFO - Results saved to output/simplygo_bus_stops_20250901_015426.csv
2025-09-01 02:11:36,459 - __main__ - INFO - SimplyGo scraping completed: 574 results
2025-09-01 02:11:36,459 - __main__ - INFO - STEP 5: Applying corrections to original LTA data...
2025-09-01 02:11:36,463 - __main__ - INFO - Valid SimplyGo corrections available: 574
2025-09-01 02:11:36,984 - __main__ - INFO - Applied 574 corrections from SimplyGo to original LTA data
2025-09-01 02:11:37,000 - __main__ - INFO - Saved corrected dataset to data/lta_correction_20250901_015358.csv
2025-09-01 02:11:37,016 - __main__ - INFO - Saved consistent copy to data/lta_correction.csv
2025-09-01 02:11:37,016 - __main__ - INFO - ENHANCED WORKFLOW COMPLETED
2025-09-01 02:11:37,016 - __main__ - INFO - Enhanced comprehensive workflow completed in 1058.24 seconds
2025-09-01 02:11:37,017 - __main__ - INFO - ==========================================================================================
2025-09-01 02:11:37,017 - __main__ - INFO - FIXED WORKFLOW COMPLETED SUCCESSFULLY!
2025-09-01 02:11:37,017 - __main__ - INFO - ==========================================================================================
2025-09-01 02:11:37,018 - __main__ - INFO - FINAL STATISTICS:
2025-09-01 02:11:37,018 - __main__ - INFO -    Total bus stops: 5,162
2025-09-01 02:11:37,018 - __main__ - INFO -    SimplyGo corrections applied: 574
2025-09-01 02:11:37,018 - __main__ - INFO -    Correction rate: 11.1%
2025-09-01 02:11:37,019 - __main__ - INFO - CHANGE BREAKDOWN:
2025-09-01 02:11:37,019 - __main__ - INFO -    New bus stops: 19
2025-09-01 02:11:37,019 - __main__ - INFO -    Name changes: 555
2025-09-01 02:11:37,019 - __main__ - INFO -    Removed stops: 27
2025-09-01 02:11:37,019 - __main__ - INFO -    Total changes: 601
2025-09-01 02:11:37,020 - __main__ - INFO - EFFICIENCY METRICS:
2025-09-01 02:11:37,020 - __main__ - INFO -    Scraping success rate: 100.0%
2025-09-01 02:11:37,020 - __main__ - INFO -    Processing efficiency: Only processed 601 changes instead of all 5,162 bus stops
2025-09-01 02:11:37,020 - __main__ - INFO - SAMPLE CORRECTIONS:
2025-09-01 02:11:37,021 - __main__ - INFO -    04019: 'Opp Bencoolen Stn Exit B' -> 'Opp Bencoolen Stn Exit B'
2025-09-01 02:11:37,021 - __main__ - INFO -    04029: 'Bef Bencoolen Stn Exit A' -> 'Bef Bencoolen Stn Exit A'
2025-09-01 02:11:37,021 - __main__ - INFO -    04151: 'Cath of The Good Shepherd' -> 'Cath of The Good Shepherd'
2025-09-01 02:11:37,021 - __main__ - INFO - ==========================================================================================
2025-09-01 02:11:37,021 - __main__ - INFO - All data saved and ready for use!
2025-09-01 02:11:37,021 - __main__ - INFO - Main output: data/lta_correction.csv
2025-09-01 02:11:37,021 - __main__ - INFO - ==========================================================================================
2025-09-01 02:11:37,022 - __main__ - INFO - Script execution finished
