2025-12-22 01:57:04,830 - __main__ - INFO - Python version: 3.10.19 (main, Oct 10 2025, 01:01:37) [GCC 13.3.0]
2025-12-22 01:57:04,831 - __main__ - INFO - Starting FIXED comprehensive workflow with 4 workers
2025-12-22 01:57:04,831 - __main__ - INFO - This version uses ORIGINAL LTA data with proper code normalization
2025-12-22 01:57:04,831 - __main__ - INFO - STARTING ENHANCED BUS STOP DATA COLLECTION WORKFLOW
2025-12-22 01:57:04,831 - __main__ - INFO - ================================================================================
2025-12-22 01:57:04,831 - __main__ - INFO - STEP 1: Downloading original LTA DataMall data...
2025-12-22 01:57:04,831 - __main__ - INFO - Starting download from LTA DataMall...
2025-12-22 01:57:06,053 - __main__ - INFO - API request (skip=0) completed in 1.22 seconds
2025-12-22 01:57:06,054 - __main__ - INFO - Retrieved 500 records (total: 500)
2025-12-22 01:57:08,407 - __main__ - INFO - API request (skip=500) completed in 1.16 seconds
2025-12-22 01:57:08,408 - __main__ - INFO - Retrieved 500 records (total: 1000)
2025-12-22 01:57:10,783 - __main__ - INFO - API request (skip=1000) completed in 1.17 seconds
2025-12-22 01:57:10,784 - __main__ - INFO - Retrieved 500 records (total: 1500)
2025-12-22 01:57:13,192 - __main__ - INFO - API request (skip=1500) completed in 1.20 seconds
2025-12-22 01:57:13,193 - __main__ - INFO - Retrieved 500 records (total: 2000)
2025-12-22 01:57:15,571 - __main__ - INFO - API request (skip=2000) completed in 1.16 seconds
2025-12-22 01:57:15,572 - __main__ - INFO - Retrieved 500 records (total: 2500)
2025-12-22 01:57:18,010 - __main__ - INFO - API request (skip=2500) completed in 1.21 seconds
2025-12-22 01:57:18,011 - __main__ - INFO - Retrieved 500 records (total: 3000)
2025-12-22 01:57:20,433 - __main__ - INFO - API request (skip=3000) completed in 1.19 seconds
2025-12-22 01:57:20,434 - __main__ - INFO - Retrieved 500 records (total: 3500)
2025-12-22 01:57:22,860 - __main__ - INFO - API request (skip=3500) completed in 1.18 seconds
2025-12-22 01:57:22,862 - __main__ - INFO - Retrieved 500 records (total: 4000)
2025-12-22 01:57:25,280 - __main__ - INFO - API request (skip=4000) completed in 1.17 seconds
2025-12-22 01:57:25,282 - __main__ - INFO - Retrieved 500 records (total: 4500)
2025-12-22 01:57:27,692 - __main__ - INFO - API request (skip=4500) completed in 1.16 seconds
2025-12-22 01:57:27,693 - __main__ - INFO - Retrieved 500 records (total: 5000)
2025-12-22 01:57:29,909 - __main__ - INFO - API request (skip=5000) completed in 0.94 seconds
2025-12-22 01:57:29,910 - __main__ - INFO - Retrieved 189 records (total: 5189)
2025-12-22 01:57:31,757 - __main__ - INFO - API request (skip=5500) completed in 0.74 seconds
2025-12-22 01:57:31,758 - __main__ - INFO - No more records to fetch from API
2025-12-22 01:57:31,771 - __main__ - INFO - Saved 5189 ORIGINAL records to data/LTA_bus_stops_22122025.csv
2025-12-22 01:57:31,772 - __main__ - INFO - LTA DataMall download completed in 26.94 seconds
2025-12-22 01:57:31,772 - __main__ - INFO - Downloaded 5,189 bus stops from LTA DataMall
2025-12-22 01:57:31,773 - __main__ - INFO - STEP 2: Performing comprehensive data comparison...
2025-12-22 01:57:31,773 - __main__ - INFO - Found previous LTA DataMall file: data/LTA_bus_stops_29092025.csv
2025-12-22 01:57:31,773 - __main__ - INFO - Performing FIXED comprehensive comparison with previous data from data/LTA_bus_stops_29092025.csv
2025-12-22 01:57:31,780 - __main__ - INFO - === DEBUGGING CODE FORMATS ===
2025-12-22 01:57:31,780 - __main__ - INFO - Old file sample codes (raw): [1012, 1013, 1019, 1029, 1039]
2025-12-22 01:57:31,780 - __main__ - INFO - New data sample codes (raw): ['01012', '01013', '01019', '01029', '01039']
2025-12-22 01:57:31,791 - __main__ - INFO - Old file sample codes (normalized): ['01012', '01013', '01019', '01029', '01039']
2025-12-22 01:57:31,792 - __main__ - INFO - New data sample codes (normalized): ['01012', '01013', '01019', '01029', '01039']
2025-12-22 01:57:31,799 - __main__ - INFO - ==========================================================================================
2025-12-22 01:57:31,799 - __main__ - INFO - COMPREHENSIVE BUS STOP COMPARISON REPORT (FIXED)
2025-12-22 01:57:31,799 - __main__ - INFO - ==========================================================================================
2025-12-22 01:57:31,799 - __main__ - INFO - Previous dataset (29092025): 5,165 bus stops
2025-12-22 01:57:31,799 - __main__ - INFO - Current dataset  (22122025): 5,189 bus stops
2025-12-22 01:57:31,799 - __main__ - INFO - Net change in quantity: +24
2025-12-22 01:57:31,799 - __main__ - INFO - ------------------------------------------------------------------------------------------
2025-12-22 01:57:31,799 - __main__ - INFO - CODE CHANGES (after normalization):
2025-12-22 01:57:31,799 - __main__ - INFO -    NEW bus stop codes:     27
2025-12-22 01:57:31,799 - __main__ - INFO -    REMOVED bus stop codes: 3
2025-12-22 01:57:31,799 - __main__ - INFO -    UNCHANGED codes:        5,162
2025-12-22 01:57:31,799 - __main__ - INFO - NAME CHANGES (for same codes):
2025-12-22 01:57:31,799 - __main__ - INFO -    Bus stops with name changes: 17
2025-12-22 01:57:31,799 - __main__ - INFO -    Bus stops with same names:   5,145
2025-12-22 01:57:31,799 - __main__ - INFO - ------------------------------------------------------------------------------------------
2025-12-22 01:57:31,799 - __main__ - INFO - TOTAL CHANGES DETECTED: 47
2025-12-22 01:57:31,799 - __main__ - INFO -    = 27 new + 3 removed + 17 name changes
2025-12-22 01:57:31,799 - __main__ - INFO - ------------------------------------------------------------------------------------------
2025-12-22 01:57:31,801 - __main__ - INFO - Sample new codes: 40509(40509), 67791(67791), 40499(40499)
2025-12-22 01:57:31,801 - __main__ - INFO -    ... and 24 more new codes
2025-12-22 01:57:31,803 - __main__ - INFO - Sample removed codes: 27381(27381), 27389(27389), 78059(78059)
2025-12-22 01:57:31,803 - __main__ - INFO - Sample name changes:
2025-12-22 01:57:31,805 - __main__ - INFO -      67569: 'Blk 432A' -> 'Bet Blks 430D/433A'
2025-12-22 01:57:31,805 - __main__ - INFO -      75201: 'Blk 835' -> 'Blk 833'
2025-12-22 01:57:31,805 - __main__ - INFO -      77329: 'Bef Pasir Ris St 53' -> 'Opp Pasir Ris Mall'
2025-12-22 01:57:31,805 - __main__ - INFO -    ... and 14 more name changes
2025-12-22 01:57:31,805 - __main__ - INFO - ==========================================================================================
2025-12-22 01:57:31,805 - __main__ - INFO - 47 CHANGES DETECTED - Will proceed with SimplyGo scraping
2025-12-22 01:57:31,805 - __main__ - INFO -    Will scrape SimplyGo for all changed bus stops to get corrected names
2025-12-22 01:57:31,805 - __main__ - INFO - ==========================================================================================
2025-12-22 01:57:31,807 - __main__ - INFO - Added 27 new bus stops to processing list
2025-12-22 01:57:31,808 - __main__ - INFO - Added 3 removed bus stops to processing list (for reference)
2025-12-22 01:57:31,811 - __main__ - INFO - Added 17 name-changed bus stops to processing list
2025-12-22 01:57:31,814 - __main__ - INFO - Total changes to process: 47
2025-12-22 01:57:31,815 - __main__ - INFO -    - Will scrape SimplyGo for: 44 bus stops
2025-12-22 01:57:31,815 - __main__ - INFO -    - Removed bus stops (reference only): 3
2025-12-22 01:57:31,816 - __main__ - INFO - Saved 47 changes to data/LTA_changes_29092025-22122025.csv
2025-12-22 01:57:31,816 - __main__ - INFO - Comprehensive LTA data comparison (FIXED) completed in 0.04 seconds
2025-12-22 01:57:31,816 - __main__ - INFO - STEP 3: Determining bus stops for SimplyGo scraping...
2025-12-22 01:57:31,817 - __main__ - INFO - Bus stops to scrape from SimplyGo: 44
2025-12-22 01:57:31,818 - __main__ - INFO -    Breakdown:
2025-12-22 01:57:31,818 - __main__ - INFO -       NEW bus stops: 27
2025-12-22 01:57:31,818 - __main__ - INFO -       NAME changed: 17
2025-12-22 01:57:31,818 - __main__ - INFO -       REMOVED (skip): 3
2025-12-22 01:57:31,818 - __main__ - INFO - ======================================================================
2025-12-22 01:57:31,818 - __main__ - INFO - CHANGES DETECTED: 47 total changes
2025-12-22 01:57:31,818 - __main__ - INFO - WILL SCRAPE: 44 bus stops from SimplyGo
2025-12-22 01:57:31,818 - __main__ - INFO - ======================================================================
2025-12-22 01:57:31,818 - __main__ - INFO - Sample codes to scrape: 02051, 29161, 40281, 40289, 40491, 40499, 40509, 43551, 43559, 47721, ... and 34 more
2025-12-22 01:57:31,818 - __main__ - INFO - STEP 4: Scraping SimplyGo for changed bus stops...
2025-12-22 01:57:31,818 - root - INFO - Setting up WebDriver pool with 4 workers
2025-12-22 01:57:31,819 - root - INFO - Initializing WebDriver pool with 4 drivers
2025-12-22 01:57:31,819 - WDM - INFO - ====== WebDriver manager ======
2025-12-22 01:57:32,001 - WDM - INFO - Get LATEST chromedriver version for google-chrome
2025-12-22 01:57:32,045 - WDM - INFO - Get LATEST chromedriver version for google-chrome
2025-12-22 01:57:32,078 - WDM - INFO - There is no [linux64] chromedriver "143.0.7499.169" for browser google-chrome "143.0.7499" in cache
2025-12-22 01:57:32,078 - WDM - INFO - Get LATEST chromedriver version for google-chrome
2025-12-22 01:57:32,202 - WDM - INFO - WebDriver version 143.0.7499.169 selected
2025-12-22 01:57:32,207 - WDM - INFO - Modern chrome version https://storage.googleapis.com/chrome-for-testing-public/143.0.7499.169/linux64/chromedriver-linux64.zip
2025-12-22 01:57:32,207 - WDM - INFO - About to download new driver from https://storage.googleapis.com/chrome-for-testing-public/143.0.7499.169/linux64/chromedriver-linux64.zip
2025-12-22 01:57:32,243 - WDM - INFO - Driver downloading response is 200
2025-12-22 01:57:32,282 - WDM - INFO - Get LATEST chromedriver version for google-chrome
2025-12-22 01:57:32,429 - WDM - INFO - Driver has been saved in cache [/home/runner/.wdm/drivers/chromedriver/linux64/143.0.7499.169]
2025-12-22 01:57:33,143 - WDM - INFO - ====== WebDriver manager ======
2025-12-22 01:57:33,210 - WDM - INFO - Get LATEST chromedriver version for google-chrome
2025-12-22 01:57:33,246 - WDM - INFO - Get LATEST chromedriver version for google-chrome
2025-12-22 01:57:33,283 - WDM - INFO - Driver [/home/runner/.wdm/drivers/chromedriver/linux64/143.0.7499.169/chromedriver-linux64/chromedriver] found in cache
2025-12-22 01:57:33,478 - WDM - INFO - ====== WebDriver manager ======
2025-12-22 01:57:33,549 - WDM - INFO - Get LATEST chromedriver version for google-chrome
2025-12-22 01:57:33,588 - WDM - INFO - Get LATEST chromedriver version for google-chrome
2025-12-22 01:57:33,624 - WDM - INFO - Driver [/home/runner/.wdm/drivers/chromedriver/linux64/143.0.7499.169/chromedriver-linux64/chromedriver] found in cache
2025-12-22 01:57:33,828 - WDM - INFO - ====== WebDriver manager ======
2025-12-22 01:57:33,899 - WDM - INFO - Get LATEST chromedriver version for google-chrome
2025-12-22 01:57:33,937 - WDM - INFO - Get LATEST chromedriver version for google-chrome
2025-12-22 01:57:33,975 - WDM - INFO - Driver [/home/runner/.wdm/drivers/chromedriver/linux64/143.0.7499.169/chromedriver-linux64/chromedriver] found in cache
2025-12-22 01:57:34,180 - root - INFO - WebDriver pool initialized successfully
2025-12-22 01:58:12,752 - root - INFO - Checkpoint saved at 20/44 (45.5%)
2025-12-22 01:58:49,309 - root - INFO - Checkpoint saved at 40/44 (90.9%)
2025-12-22 01:58:56,358 - root - INFO - Closing all WebDrivers in pool
2025-12-22 01:58:56,718 - root - INFO - Scraping completed in 84.90 seconds
2025-12-22 01:58:56,718 - root - INFO - Success rate: 44/44 (100.0%)
2025-12-22 01:58:56,720 - root - INFO - Results saved to output/simplygo_bus_stops_20251222_015731.csv
2025-12-22 01:58:56,720 - __main__ - INFO - SimplyGo scraping completed: 44 results
2025-12-22 01:58:56,721 - __main__ - INFO - STEP 5: Applying corrections to original LTA data...
2025-12-22 01:58:56,724 - __main__ - INFO - Valid SimplyGo corrections available: 44
2025-12-22 01:58:56,766 - __main__ - INFO - Applied 44 corrections from SimplyGo to original LTA data
2025-12-22 01:58:56,782 - __main__ - INFO - Saved corrected dataset to data/lta_correction_20251222_015704.csv
2025-12-22 01:58:56,798 - __main__ - INFO - Saved consistent copy to data/lta_correction.csv
2025-12-22 01:58:56,798 - __main__ - INFO - ENHANCED WORKFLOW COMPLETED
2025-12-22 01:58:56,798 - __main__ - INFO - Enhanced comprehensive workflow completed in 111.97 seconds
2025-12-22 01:58:56,798 - __main__ - INFO - ==========================================================================================
2025-12-22 01:58:56,798 - __main__ - INFO - FIXED WORKFLOW COMPLETED SUCCESSFULLY!
2025-12-22 01:58:56,798 - __main__ - INFO - ==========================================================================================
2025-12-22 01:58:56,799 - __main__ - INFO - FINAL STATISTICS:
2025-12-22 01:58:56,799 - __main__ - INFO -    Total bus stops: 5,189
2025-12-22 01:58:56,799 - __main__ - INFO -    SimplyGo corrections applied: 44
2025-12-22 01:58:56,799 - __main__ - INFO -    Correction rate: 0.8%
2025-12-22 01:58:56,800 - __main__ - INFO - CHANGE BREAKDOWN:
2025-12-22 01:58:56,800 - __main__ - INFO -    New bus stops: 27
2025-12-22 01:58:56,800 - __main__ - INFO -    Name changes: 17
2025-12-22 01:58:56,800 - __main__ - INFO -    Removed stops: 3
2025-12-22 01:58:56,800 - __main__ - INFO -    Total changes: 47
2025-12-22 01:58:56,801 - __main__ - INFO - EFFICIENCY METRICS:
2025-12-22 01:58:56,801 - __main__ - INFO -    Scraping success rate: 100.0%
2025-12-22 01:58:56,801 - __main__ - INFO -    Processing efficiency: Only processed 47 changes instead of all 5,189 bus stops
2025-12-22 01:58:56,801 - __main__ - INFO - SAMPLE CORRECTIONS:
2025-12-22 01:58:56,802 - __main__ - INFO -    02051: 'The Float @ Marina Bay' -> 'The Float @ Marina Bay'
2025-12-22 01:58:56,802 - __main__ - INFO -    05649: 'Aft Cantonment Rd' -> 'Aft Cantonment Rd'
2025-12-22 01:58:56,802 - __main__ - INFO -    16199: 'Aft Architecture Dr' -> 'Aft Architecture Dr'
2025-12-22 01:58:56,802 - __main__ - INFO - ==========================================================================================
2025-12-22 01:58:56,802 - __main__ - INFO - All data saved and ready for use!
2025-12-22 01:58:56,802 - __main__ - INFO - Main output: data/lta_correction.csv
2025-12-22 01:58:56,802 - __main__ - INFO - ==========================================================================================
2025-12-22 01:58:56,803 - __main__ - INFO - Script execution finished
